{"/home/travis/build/npmtest/node-npmtest-sha.js/test.js":{"path":"/home/travis/build/npmtest/node-npmtest-sha.js/test.js","s":{"1":2,"2":2,"3":2,"4":2,"5":2,"6":2,"7":2,"8":1,"9":2,"10":2,"11":1,"12":1,"13":1,"14":1,"15":2,"16":2,"17":2,"18":2,"19":1,"20":1,"21":2,"22":2,"23":2,"24":1,"25":1,"26":1,"27":1,"28":1,"29":1,"30":1,"31":1,"32":1,"33":1,"34":1,"35":1,"36":1,"37":1,"38":1,"39":2,"40":2,"41":1,"42":2,"43":2,"44":1,"45":2,"46":2,"47":1,"48":2,"49":2,"50":1,"51":1,"52":1,"53":1,"54":1},"b":{"1":[2,1,1,1],"2":[1,1,1,1],"3":[1,1],"4":[1,1],"5":[1,1],"6":[1,1],"7":[1,1],"8":[1,1],"9":[1,1],"10":[1,1,1],"11":[1,1],"12":[1,1],"13":[1,1],"14":[1,1],"15":[1,1],"16":[1,1],"17":[1,1]},"f":{"1":2,"2":2,"3":2,"4":2,"5":2,"6":1,"7":1,"8":1,"9":2,"10":2,"11":2,"12":2,"13":1},"fnMap":{"1":{"name":"(anonymous_1)","line":12,"loc":{"start":{"line":12,"column":1},"end":{"line":12,"column":13}}},"2":{"name":"(anonymous_2)","line":19,"loc":{"start":{"line":19,"column":5},"end":{"line":19,"column":17}}},"3":{"name":"(anonymous_3)","line":23,"loc":{"start":{"line":23,"column":24},"end":{"line":23,"column":36}}},"4":{"name":"(anonymous_4)","line":61,"loc":{"start":{"line":61,"column":5},"end":{"line":61,"column":17}}},"5":{"name":"(anonymous_5)","line":82,"loc":{"start":{"line":82,"column":5},"end":{"line":82,"column":17}}},"6":{"name":"(anonymous_6)","line":91,"loc":{"start":{"line":91,"column":77},"end":{"line":94,"column":10}}},"7":{"name":"(anonymous_7)","line":112,"loc":{"start":{"line":112,"column":83},"end":{"line":115,"column":10}},"skip":true},"8":{"name":"(anonymous_8)","line":123,"loc":{"start":{"line":123,"column":77},"end":{"line":126,"column":10}},"skip":true},"9":{"name":"(anonymous_9)","line":139,"loc":{"start":{"line":139,"column":12},"end":{"line":139,"column":40}},"skip":true},"10":{"name":"(anonymous_10)","line":147,"loc":{"start":{"line":147,"column":77},"end":{"line":150,"column":10}},"skip":true},"11":{"name":"(anonymous_11)","line":158,"loc":{"start":{"line":158,"column":83},"end":{"line":161,"column":10}},"skip":true},"12":{"name":"(anonymous_12)","line":169,"loc":{"start":{"line":169,"column":79},"end":{"line":172,"column":10}},"skip":true},"13":{"name":"(anonymous_13)","line":180,"loc":{"start":{"line":180,"column":75},"end":{"line":183,"column":10}},"skip":true}},"statementMap":{"1":{"start":{"line":12,"column":0},"end":{"line":195,"column":5}},"2":{"start":{"line":14,"column":4},"end":{"line":14,"column":14}},"3":{"start":{"line":19,"column":4},"end":{"line":56,"column":9}},"4":{"start":{"line":21,"column":8},"end":{"line":21,"column":19}},"5":{"start":{"line":23,"column":8},"end":{"line":35,"column":13}},"6":{"start":{"line":24,"column":12},"end":{"line":34,"column":13}},"7":{"start":{"line":25,"column":16},"end":{"line":28,"column":30}},"8":{"start":{"line":30,"column":16},"end":{"line":33,"column":27}},"9":{"start":{"line":37,"column":8},"end":{"line":39,"column":21}},"10":{"start":{"line":40,"column":8},"end":{"line":53,"column":9}},"11":{"start":{"line":43,"column":12},"end":{"line":46,"column":14}},"12":{"start":{"line":47,"column":12},"end":{"line":47,"column":18}},"13":{"start":{"line":50,"column":12},"end":{"line":51,"column":33}},"14":{"start":{"line":52,"column":12},"end":{"line":52,"column":18}},"15":{"start":{"line":55,"column":8},"end":{"line":55,"column":35}},"16":{"start":{"line":61,"column":4},"end":{"line":63,"column":9}},"17":{"start":{"line":62,"column":8},"end":{"line":62,"column":15}},"18":{"start":{"line":64,"column":4},"end":{"line":77,"column":5}},"19":{"start":{"line":70,"column":8},"end":{"line":70,"column":14}},"20":{"start":{"line":76,"column":8},"end":{"line":76,"column":14}},"21":{"start":{"line":82,"column":4},"end":{"line":84,"column":9}},"22":{"start":{"line":83,"column":8},"end":{"line":83,"column":15}},"23":{"start":{"line":85,"column":4},"end":{"line":194,"column":5}},"24":{"start":{"line":91,"column":8},"end":{"line":99,"column":10}},"25":{"start":{"line":98,"column":12},"end":{"line":98,"column":35}},"26":{"start":{"line":102,"column":8},"end":{"line":104,"column":63}},"27":{"start":{"line":105,"column":8},"end":{"line":105,"column":14}},"28":{"start":{"line":112,"column":8},"end":{"line":121,"column":10},"skip":true},"29":{"start":{"line":119,"column":12},"end":{"line":119,"column":55},"skip":true},"30":{"start":{"line":120,"column":12},"end":{"line":120,"column":48},"skip":true},"31":{"start":{"line":123,"column":8},"end":{"line":136,"column":10},"skip":true},"32":{"start":{"line":130,"column":12},"end":{"line":130,"column":76},"skip":true},"33":{"start":{"line":131,"column":12},"end":{"line":131,"column":73},"skip":true},"34":{"start":{"line":132,"column":12},"end":{"line":132,"column":74},"skip":true},"35":{"start":{"line":133,"column":12},"end":{"line":133,"column":79},"skip":true},"36":{"start":{"line":134,"column":12},"end":{"line":134,"column":25},"skip":true},"37":{"start":{"line":135,"column":12},"end":{"line":135,"column":45},"skip":true},"38":{"start":{"line":138,"column":8},"end":{"line":145,"column":14},"skip":true},"39":{"start":{"line":143,"column":16},"end":{"line":143,"column":29},"skip":true},"40":{"start":{"line":144,"column":16},"end":{"line":144,"column":55},"skip":true},"41":{"start":{"line":147,"column":8},"end":{"line":156,"column":10},"skip":true},"42":{"start":{"line":154,"column":12},"end":{"line":154,"column":25},"skip":true},"43":{"start":{"line":155,"column":12},"end":{"line":155,"column":45},"skip":true},"44":{"start":{"line":158,"column":8},"end":{"line":167,"column":10},"skip":true},"45":{"start":{"line":165,"column":12},"end":{"line":165,"column":25},"skip":true},"46":{"start":{"line":166,"column":12},"end":{"line":166,"column":48},"skip":true},"47":{"start":{"line":169,"column":8},"end":{"line":178,"column":10},"skip":true},"48":{"start":{"line":176,"column":12},"end":{"line":176,"column":25},"skip":true},"49":{"start":{"line":177,"column":12},"end":{"line":177,"column":46},"skip":true},"50":{"start":{"line":180,"column":8},"end":{"line":189,"column":10},"skip":true},"51":{"start":{"line":187,"column":12},"end":{"line":187,"column":94},"skip":true},"52":{"start":{"line":188,"column":12},"end":{"line":188,"column":48},"skip":true},"53":{"start":{"line":192,"column":8},"end":{"line":192,"column":35},"skip":true},"54":{"start":{"line":193,"column":8},"end":{"line":193,"column":14},"skip":true}},"branchMap":{"1":{"line":25,"type":"binary-expr","locations":[{"start":{"line":25,"column":23},"end":{"line":25,"column":62}},{"start":{"line":26,"column":20},"end":{"line":26,"column":70}},{"start":{"line":27,"column":20},"end":{"line":27,"column":71}},{"start":{"line":28,"column":20},"end":{"line":28,"column":29}}]},"2":{"line":30,"type":"binary-expr","locations":[{"start":{"line":30,"column":23},"end":{"line":30,"column":37}},{"start":{"line":31,"column":20},"end":{"line":31,"column":61}},{"start":{"line":32,"column":20},"end":{"line":32,"column":70}},{"start":{"line":33,"column":20},"end":{"line":33,"column":26}}]},"3":{"line":37,"type":"cond-expr","locations":[{"start":{"line":38,"column":14},"end":{"line":38,"column":20}},{"start":{"line":39,"column":14},"end":{"line":39,"column":20}}]},"4":{"line":40,"type":"switch","locations":[{"start":{"line":42,"column":8},"end":{"line":47,"column":18}},{"start":{"line":49,"column":8},"end":{"line":52,"column":18}}]},"5":{"line":44,"type":"binary-expr","locations":[{"start":{"line":44,"column":16},"end":{"line":44,"column":44}},{"start":{"line":44,"column":48},"end":{"line":44,"column":66}}]},"6":{"line":50,"type":"binary-expr","locations":[{"start":{"line":50,"column":21},"end":{"line":50,"column":49}},{"start":{"line":50,"column":53},"end":{"line":50,"column":72}}]},"7":{"line":64,"type":"switch","locations":[{"start":{"line":69,"column":4},"end":{"line":70,"column":14}},{"start":{"line":75,"column":4},"end":{"line":76,"column":14}}]},"8":{"line":85,"type":"switch","locations":[{"start":{"line":90,"column":4},"end":{"line":105,"column":14}},{"start":{"line":111,"column":4},"end":{"line":193,"column":14},"skip":true}]},"9":{"line":91,"type":"binary-expr","locations":[{"start":{"line":91,"column":42},"end":{"line":91,"column":73}},{"start":{"line":91,"column":77},"end":{"line":99,"column":9}}]},"10":{"line":102,"type":"binary-expr","locations":[{"start":{"line":102,"column":18},"end":{"line":102,"column":32}},{"start":{"line":103,"column":12},"end":{"line":103,"column":53}},{"start":{"line":104,"column":12},"end":{"line":104,"column":61}}]},"11":{"line":112,"type":"binary-expr","locations":[{"start":{"line":112,"column":45},"end":{"line":112,"column":79},"skip":true},{"start":{"line":112,"column":83},"end":{"line":121,"column":9},"skip":true}]},"12":{"line":123,"type":"binary-expr","locations":[{"start":{"line":123,"column":42},"end":{"line":123,"column":73},"skip":true},{"start":{"line":123,"column":77},"end":{"line":136,"column":9},"skip":true}]},"13":{"line":138,"type":"binary-expr","locations":[{"start":{"line":138,"column":48},"end":{"line":138,"column":85},"skip":true},{"start":{"line":139,"column":12},"end":{"line":145,"column":13},"skip":true}]},"14":{"line":147,"type":"binary-expr","locations":[{"start":{"line":147,"column":42},"end":{"line":147,"column":73},"skip":true},{"start":{"line":147,"column":77},"end":{"line":156,"column":9},"skip":true}]},"15":{"line":158,"type":"binary-expr","locations":[{"start":{"line":158,"column":45},"end":{"line":158,"column":79},"skip":true},{"start":{"line":158,"column":83},"end":{"line":167,"column":9},"skip":true}]},"16":{"line":169,"type":"binary-expr","locations":[{"start":{"line":169,"column":43},"end":{"line":169,"column":75},"skip":true},{"start":{"line":169,"column":79},"end":{"line":178,"column":9},"skip":true}]},"17":{"line":180,"type":"binary-expr","locations":[{"start":{"line":180,"column":41},"end":{"line":180,"column":71},"skip":true},{"start":{"line":180,"column":75},"end":{"line":189,"column":9},"skip":true}]}},"code":["/* istanbul instrument in package npmtest_sha_js */","/*jslint","    bitwise: true,","    browser: true,","    maxerr: 8,","    maxlen: 96,","    node: true,","    nomen: true,","    regexp: true,","    stupid: true","*/","(function () {","    'use strict';","    var local;","","","","    // run shared js-env code - init-before","    (function () {","        // init local","        local = {};","        // init modeJs","        local.modeJs = (function () {","            try {","                return typeof navigator.userAgent === 'string' &&","                    typeof document.querySelector('body') === 'object' &&","                    typeof XMLHttpRequest.prototype.open === 'function' &&","                    'browser';","            } catch (errorCaughtBrowser) {","                return module.exports &&","                    typeof process.versions.node === 'string' &&","                    typeof require('http').createServer === 'function' &&","                    'node';","            }","        }());","        // init global","        local.global = local.modeJs === 'browser'","            ? window","            : global;","        switch (local.modeJs) {","        // re-init local from window.local","        case 'browser':","            local = local.global.utility2.objectSetDefault(","                local.global.utility2_rollup || local.global.local,","                local.global.utility2","            );","            break;","        // re-init local from example.js","        case 'node':","            local = (local.global.utility2_rollup || require('utility2'))","                .requireReadme();","            break;","        }","        // export local","        local.global.local = local;","    }());","","","","    // run shared js-env code - function","    (function () {","        return;","    }());","    switch (local.modeJs) {","","","","    // run browser js-env code - function","    case 'browser':","        break;","","","","    // run node js-env code - function","    case 'node':","        break;","    }","","","","    // run shared js-env code - init-after","    (function () {","        return;","    }());","    switch (local.modeJs) {","","","","    // run browser js-env code - init-after","    case 'browser':","        local.testCase_browser_nullCase = local.testCase_browser_nullCase || function (","            options,","            onError","        ) {","        /*","         * this function will test browsers's null-case handling-behavior-behavior","         */","            onError(null, options);","        };","","        // run tests","        local.nop(local.modeTest &&","            document.querySelector('#testRunButton1') &&","            document.querySelector('#testRunButton1').click());","        break;","","","","    // run node js-env code - init-after","    /* istanbul ignore next */","    case 'node':","        local.testCase_buildApidoc_default = local.testCase_buildApidoc_default || function (","            options,","            onError","        ) {","        /*","         * this function will test buildApidoc's default handling-behavior-behavior","         */","            options = { modulePathList: module.paths };","            local.buildApidoc(options, onError);","        };","","        local.testCase_buildApp_default = local.testCase_buildApp_default || function (","            options,","            onError","        ) {","        /*","         * this function will test buildApp's default handling-behavior-behavior","         */","            local.testCase_buildReadme_default(options, local.onErrorThrow);","            local.testCase_buildLib_default(options, local.onErrorThrow);","            local.testCase_buildTest_default(options, local.onErrorThrow);","            local.testCase_buildCustomOrg_default(options, local.onErrorThrow);","            options = [];","            local.buildApp(options, onError);","        };","","        local.testCase_buildCustomOrg_default = local.testCase_buildCustomOrg_default ||","            function (options, onError) {","            /*","             * this function will test buildCustomOrg's default handling-behavior","             */","                options = {};","                local.buildCustomOrg(options, onError);","            };","","        local.testCase_buildLib_default = local.testCase_buildLib_default || function (","            options,","            onError","        ) {","        /*","         * this function will test buildLib's default handling-behavior","         */","            options = {};","            local.buildLib(options, onError);","        };","","        local.testCase_buildReadme_default = local.testCase_buildReadme_default || function (","            options,","            onError","        ) {","        /*","         * this function will test buildReadme's default handling-behavior-behavior","         */","            options = {};","            local.buildReadme(options, onError);","        };","","        local.testCase_buildTest_default = local.testCase_buildTest_default || function (","            options,","            onError","        ) {","        /*","         * this function will test buildTest's default handling-behavior","         */","            options = {};","            local.buildTest(options, onError);","        };","","        local.testCase_webpage_default = local.testCase_webpage_default || function (","            options,","            onError","        ) {","        /*","         * this function will test webpage's default handling-behavior","         */","            options = { modeCoverageMerge: true, url: local.serverLocalHost + '?modeTest=1' };","            local.browserTest(options, onError);","        };","","        // run test-server","        local.testRunServer(local);","        break;","    }","}());",""],"l":{"12":2,"14":2,"19":2,"21":2,"23":2,"24":2,"25":2,"30":1,"37":2,"40":2,"43":1,"47":1,"50":1,"52":1,"55":2,"61":2,"62":2,"64":2,"70":1,"76":1,"82":2,"83":2,"85":2,"91":1,"98":1,"102":1,"105":1,"112":1,"119":1,"120":1,"123":1,"130":1,"131":1,"132":1,"133":1,"134":1,"135":1,"138":1,"143":2,"144":2,"147":1,"154":2,"155":2,"158":1,"165":2,"166":2,"169":1,"176":2,"177":2,"180":1,"187":1,"188":1,"192":1,"193":1}},"/home/travis/build/npmtest/node-npmtest-sha.js/lib.npmtest_sha.js.js":{"path":"/home/travis/build/npmtest/node-npmtest-sha.js/lib.npmtest_sha.js.js","s":{"1":2,"2":2,"3":2,"4":2,"5":2,"6":2,"7":2,"8":1,"9":2,"10":2,"11":2,"12":2,"13":1,"14":1,"15":1,"16":1},"b":{"1":[2,1,1,1],"2":[1,1,1,1],"3":[1,1],"4":[2,2],"5":[1,1]},"f":{"1":2,"2":2,"3":2},"fnMap":{"1":{"name":"(anonymous_1)","line":12,"loc":{"start":{"line":12,"column":1},"end":{"line":12,"column":13}}},"2":{"name":"(anonymous_2)","line":19,"loc":{"start":{"line":19,"column":5},"end":{"line":19,"column":17}}},"3":{"name":"(anonymous_3)","line":23,"loc":{"start":{"line":23,"column":24},"end":{"line":23,"column":36}}}},"statementMap":{"1":{"start":{"line":12,"column":0},"end":{"line":53,"column":5}},"2":{"start":{"line":14,"column":4},"end":{"line":14,"column":14}},"3":{"start":{"line":19,"column":4},"end":{"line":52,"column":9}},"4":{"start":{"line":21,"column":8},"end":{"line":21,"column":19}},"5":{"start":{"line":23,"column":8},"end":{"line":35,"column":13}},"6":{"start":{"line":24,"column":12},"end":{"line":34,"column":13}},"7":{"start":{"line":25,"column":16},"end":{"line":28,"column":30}},"8":{"start":{"line":30,"column":16},"end":{"line":33,"column":27}},"9":{"start":{"line":37,"column":8},"end":{"line":39,"column":21}},"10":{"start":{"line":41,"column":8},"end":{"line":41,"column":54}},"11":{"start":{"line":43,"column":8},"end":{"line":43,"column":51}},"12":{"start":{"line":45,"column":8},"end":{"line":51,"column":9}},"13":{"start":{"line":46,"column":12},"end":{"line":46,"column":57}},"14":{"start":{"line":48,"column":12},"end":{"line":48,"column":35}},"15":{"start":{"line":49,"column":12},"end":{"line":49,"column":49}},"16":{"start":{"line":50,"column":12},"end":{"line":50,"column":43}}},"branchMap":{"1":{"line":25,"type":"binary-expr","locations":[{"start":{"line":25,"column":23},"end":{"line":25,"column":62}},{"start":{"line":26,"column":20},"end":{"line":26,"column":70}},{"start":{"line":27,"column":20},"end":{"line":27,"column":71}},{"start":{"line":28,"column":20},"end":{"line":28,"column":29}}]},"2":{"line":30,"type":"binary-expr","locations":[{"start":{"line":30,"column":23},"end":{"line":30,"column":37}},{"start":{"line":31,"column":20},"end":{"line":31,"column":61}},{"start":{"line":32,"column":20},"end":{"line":32,"column":70}},{"start":{"line":33,"column":20},"end":{"line":33,"column":26}}]},"3":{"line":37,"type":"cond-expr","locations":[{"start":{"line":38,"column":14},"end":{"line":38,"column":20}},{"start":{"line":39,"column":14},"end":{"line":39,"column":20}}]},"4":{"line":41,"type":"binary-expr","locations":[{"start":{"line":41,"column":16},"end":{"line":41,"column":44}},{"start":{"line":41,"column":48},"end":{"line":41,"column":53}}]},"5":{"line":45,"type":"if","locations":[{"start":{"line":45,"column":8},"end":{"line":45,"column":8}},{"start":{"line":45,"column":8},"end":{"line":45,"column":8}}]}},"code":["/* istanbul instrument in package npmtest_sha_js */","/*jslint","    bitwise: true,","    browser: true,","    maxerr: 8,","    maxlen: 96,","    node: true,","    nomen: true,","    regexp: true,","    stupid: true","*/","(function () {","    'use strict';","    var local;","","","","    // run shared js-env code - pre-init","    (function () {","        // init local","        local = {};","        // init modeJs","        local.modeJs = (function () {","            try {","                return typeof navigator.userAgent === 'string' &&","                    typeof document.querySelector('body') === 'object' &&","                    typeof XMLHttpRequest.prototype.open === 'function' &&","                    'browser';","            } catch (errorCaughtBrowser) {","                return module.exports &&","                    typeof process.versions.node === 'string' &&","                    typeof require('http').createServer === 'function' &&","                    'node';","            }","        }());","        // init global","        local.global = local.modeJs === 'browser'","            ? window","            : global;","        // init utility2_rollup","        local = local.global.utility2_rollup || local;","        // init lib","        local.local = local.npmtest_sha_js = local;","        // init exports","        if (local.modeJs === 'browser') {","            local.global.utility2_npmtest_sha_js = local;","        } else {","            module.exports = local;","            module.exports.__dirname = __dirname;","            module.exports.module = module;","        }","    }());","}());",""],"l":{"12":2,"14":2,"19":2,"21":2,"23":2,"24":2,"25":2,"30":1,"37":2,"41":2,"43":2,"45":2,"46":1,"48":1,"49":1,"50":1}},"/home/travis/build/npmtest/node-npmtest-sha.js/example.js":{"path":"/home/travis/build/npmtest/node-npmtest-sha.js/example.js","s":{"1":2,"2":2,"3":2,"4":2,"5":2,"6":2,"7":2,"8":1,"9":2,"10":2,"11":2,"12":2,"13":1,"14":2,"15":2,"16":2,"17":2,"18":2,"19":0,"20":2,"21":1,"22":1,"23":1,"24":1,"25":1,"26":0,"27":0,"28":1,"29":1,"30":2,"31":0,"32":0,"33":0,"34":1,"35":2,"36":2,"37":3,"38":3,"39":3,"40":3,"41":0,"42":3,"43":3,"44":3,"45":1,"46":3,"47":1,"48":1,"49":1,"50":1,"51":1,"52":1,"53":1,"54":1,"55":1,"56":1,"57":0,"58":1,"59":6,"60":6,"61":1,"62":2,"63":0,"64":2,"65":1,"66":1,"67":0,"68":0,"69":0,"70":0,"71":0,"72":0,"73":0,"74":0,"75":0,"76":0,"77":0,"78":0,"79":0,"80":0,"81":0,"82":0,"83":0},"b":{"1":[2,1,1,1],"2":[1,1,1,1],"3":[1,1],"4":[2,2],"5":[1,1],"6":[1,1],"7":[2,0],"8":[2,1,1,1,1,1],"9":[0,2,0],"10":[1,1],"11":[2,1,1],"12":[1,0],"13":[0,2],"14":[2,0,0,0,0,0,0],"15":[0,3],"16":[3,0],"17":[1,1],"18":[0,1],"19":[1,2,0,2],"20":[1,0],"21":[1,1],"22":[0,0],"23":[0,0],"24":[0,0],"25":[0,0],"26":[0,0],"27":[0,0],"28":[0,0]},"f":{"1":2,"2":2,"3":2,"4":2,"5":2,"6":2,"7":3,"8":3,"9":3,"10":1,"11":6,"12":0},"fnMap":{"1":{"name":"(anonymous_1)","line":26,"loc":{"start":{"line":26,"column":1},"end":{"line":26,"column":13}}},"2":{"name":"(anonymous_2)","line":33,"loc":{"start":{"line":33,"column":5},"end":{"line":33,"column":17}}},"3":{"name":"(anonymous_3)","line":37,"loc":{"start":{"line":37,"column":24},"end":{"line":37,"column":36}}},"4":{"name":"(anonymous_4)","line":69,"loc":{"start":{"line":69,"column":31},"end":{"line":69,"column":48}},"skip":true},"5":{"name":"(anonymous_5)","line":78,"loc":{"start":{"line":78,"column":26},"end":{"line":78,"column":45}},"skip":true},"6":{"name":"(anonymous_6)","line":123,"loc":{"start":{"line":123,"column":33},"end":{"line":123,"column":48}},"skip":true},"7":{"name":"(anonymous_7)","line":125,"loc":{"start":{"line":125,"column":27},"end":{"line":125,"column":39}},"skip":true},"8":{"name":"(anonymous_8)","line":133,"loc":{"start":{"line":133,"column":59},"end":{"line":133,"column":74}},"skip":true},"9":{"name":"(anonymous_9)","line":143,"loc":{"start":{"line":143,"column":45},"end":{"line":143,"column":62}},"skip":true},"10":{"name":"(anonymous_10)","line":144,"loc":{"start":{"line":144,"column":73},"end":{"line":144,"column":92}},"skip":true},"11":{"name":"(anonymous_11)","line":272,"loc":{"start":{"line":272,"column":51},"end":{"line":272,"column":77}},"skip":true},"12":{"name":"(anonymous_12)","line":315,"loc":{"start":{"line":315,"column":32},"end":{"line":315,"column":61}},"skip":true}},"statementMap":{"1":{"start":{"line":26,"column":0},"end":{"line":326,"column":5}},"2":{"start":{"line":28,"column":4},"end":{"line":28,"column":14}},"3":{"start":{"line":33,"column":4},"end":{"line":60,"column":9}},"4":{"start":{"line":35,"column":8},"end":{"line":35,"column":19}},"5":{"start":{"line":37,"column":8},"end":{"line":49,"column":13}},"6":{"start":{"line":38,"column":12},"end":{"line":48,"column":13}},"7":{"start":{"line":39,"column":16},"end":{"line":42,"column":30}},"8":{"start":{"line":44,"column":16},"end":{"line":47,"column":27}},"9":{"start":{"line":51,"column":8},"end":{"line":53,"column":21}},"10":{"start":{"line":55,"column":8},"end":{"line":57,"column":45}},"11":{"start":{"line":59,"column":8},"end":{"line":59,"column":35}},"12":{"start":{"line":61,"column":4},"end":{"line":325,"column":5}},"13":{"start":{"line":69,"column":8},"end":{"line":121,"column":10},"skip":true},"14":{"start":{"line":70,"column":12},"end":{"line":88,"column":13},"skip":true},"15":{"start":{"line":76,"column":16},"end":{"line":87,"column":19},"skip":true},"16":{"start":{"line":79,"column":20},"end":{"line":86,"column":21},"skip":true},"17":{"start":{"line":82,"column":24},"end":{"line":82,"column":43},"skip":true},"18":{"start":{"line":83,"column":24},"end":{"line":83,"column":30},"skip":true},"19":{"start":{"line":85,"column":24},"end":{"line":85,"column":49},"skip":true},"20":{"start":{"line":89,"column":12},"end":{"line":107,"column":13},"skip":true},"21":{"start":{"line":92,"column":16},"end":{"line":102,"column":17},"skip":true},"22":{"start":{"line":93,"column":20},"end":{"line":93,"column":86},"skip":true},"23":{"start":{"line":94,"column":20},"end":{"line":95,"column":45},"skip":true},"24":{"start":{"line":96,"column":20},"end":{"line":96,"column":42},"skip":true},"25":{"start":{"line":97,"column":20},"end":{"line":97,"column":48},"skip":true},"26":{"start":{"line":100,"column":20},"end":{"line":100,"column":85},"skip":true},"27":{"start":{"line":101,"column":20},"end":{"line":101,"column":96},"skip":true},"28":{"start":{"line":103,"column":16},"end":{"line":103,"column":22},"skip":true},"29":{"start":{"line":106,"column":16},"end":{"line":106,"column":22},"skip":true},"30":{"start":{"line":108,"column":12},"end":{"line":120,"column":13},"skip":true},"31":{"start":{"line":114,"column":16},"end":{"line":119,"column":17},"skip":true},"32":{"start":{"line":116,"column":20},"end":{"line":116,"column":78},"skip":true},"33":{"start":{"line":118,"column":20},"end":{"line":118,"column":47},"skip":true},"34":{"start":{"line":123,"column":8},"end":{"line":141,"column":11},"skip":true},"35":{"start":{"line":124,"column":12},"end":{"line":124,"column":54},"skip":true},"36":{"start":{"line":125,"column":12},"end":{"line":140,"column":14},"skip":true},"37":{"start":{"line":126,"column":16},"end":{"line":126,"column":28},"skip":true},"38":{"start":{"line":127,"column":16},"end":{"line":127,"column":69},"skip":true},"39":{"start":{"line":128,"column":16},"end":{"line":128,"column":75},"skip":true},"40":{"start":{"line":129,"column":16},"end":{"line":131,"column":17},"skip":true},"41":{"start":{"line":130,"column":20},"end":{"line":130,"column":27},"skip":true},"42":{"start":{"line":133,"column":16},"end":{"line":137,"column":36},"skip":true},"43":{"start":{"line":134,"column":20},"end":{"line":136,"column":55},"skip":true},"44":{"start":{"line":139,"column":16},"end":{"line":139,"column":57},"skip":true},"45":{"start":{"line":143,"column":8},"end":{"line":147,"column":11},"skip":true},"46":{"start":{"line":144,"column":12},"end":{"line":146,"column":15},"skip":true},"47":{"start":{"line":145,"column":16},"end":{"line":145,"column":70},"skip":true},"48":{"start":{"line":149,"column":8},"end":{"line":149,"column":31},"skip":true},"49":{"start":{"line":150,"column":8},"end":{"line":150,"column":14},"skip":true},"50":{"start":{"line":158,"column":8},"end":{"line":158,"column":31},"skip":true},"51":{"start":{"line":160,"column":8},"end":{"line":160,"column":33},"skip":true},"52":{"start":{"line":161,"column":8},"end":{"line":161,"column":37},"skip":true},"53":{"start":{"line":162,"column":8},"end":{"line":162,"column":35},"skip":true},"54":{"start":{"line":164,"column":8},"end":{"line":164,"column":50},"skip":true},"55":{"start":{"line":166,"column":8},"end":{"line":256,"column":2},"skip":true},"56":{"start":{"line":258,"column":8},"end":{"line":286,"column":9},"skip":true},"57":{"start":{"line":259,"column":12},"end":{"line":269,"column":14},"skip":true},"58":{"start":{"line":271,"column":12},"end":{"line":285,"column":19},"skip":true},"59":{"start":{"line":274,"column":20},"end":{"line":274,"column":35},"skip":true},"60":{"start":{"line":275,"column":20},"end":{"line":284,"column":21},"skip":true},"61":{"start":{"line":277,"column":24},"end":{"line":277,"column":64},"skip":true},"62":{"start":{"line":279,"column":24},"end":{"line":279,"column":40},"skip":true},"63":{"start":{"line":281,"column":24},"end":{"line":281,"column":40},"skip":true},"64":{"start":{"line":283,"column":24},"end":{"line":283,"column":39},"skip":true},"65":{"start":{"line":288,"column":8},"end":{"line":290,"column":9},"skip":true},"66":{"start":{"line":289,"column":12},"end":{"line":289,"column":18},"skip":true},"67":{"start":{"line":291,"column":8},"end":{"line":293,"column":54},"skip":true},"68":{"start":{"line":296,"column":8},"end":{"line":301,"column":37},"skip":true},"69":{"start":{"line":303,"column":8},"end":{"line":303,"column":82},"skip":true},"70":{"start":{"line":306,"column":8},"end":{"line":308,"column":9},"skip":true},"71":{"start":{"line":307,"column":12},"end":{"line":307,"column":82},"skip":true},"72":{"start":{"line":310,"column":8},"end":{"line":312,"column":9},"skip":true},"73":{"start":{"line":311,"column":12},"end":{"line":311,"column":18},"skip":true},"74":{"start":{"line":313,"column":8},"end":{"line":313,"column":54},"skip":true},"75":{"start":{"line":314,"column":8},"end":{"line":314,"column":69},"skip":true},"76":{"start":{"line":315,"column":8},"end":{"line":323,"column":36},"skip":true},"77":{"start":{"line":316,"column":12},"end":{"line":316,"column":61},"skip":true},"78":{"start":{"line":317,"column":12},"end":{"line":320,"column":13},"skip":true},"79":{"start":{"line":318,"column":16},"end":{"line":318,"column":75},"skip":true},"80":{"start":{"line":319,"column":16},"end":{"line":319,"column":23},"skip":true},"81":{"start":{"line":321,"column":12},"end":{"line":321,"column":38},"skip":true},"82":{"start":{"line":322,"column":12},"end":{"line":322,"column":27},"skip":true},"83":{"start":{"line":324,"column":8},"end":{"line":324,"column":14},"skip":true}},"branchMap":{"1":{"line":39,"type":"binary-expr","locations":[{"start":{"line":39,"column":23},"end":{"line":39,"column":62}},{"start":{"line":40,"column":20},"end":{"line":40,"column":70}},{"start":{"line":41,"column":20},"end":{"line":41,"column":71}},{"start":{"line":42,"column":20},"end":{"line":42,"column":29}}]},"2":{"line":44,"type":"binary-expr","locations":[{"start":{"line":44,"column":23},"end":{"line":44,"column":37}},{"start":{"line":45,"column":20},"end":{"line":45,"column":61}},{"start":{"line":46,"column":20},"end":{"line":46,"column":70}},{"start":{"line":47,"column":20},"end":{"line":47,"column":26}}]},"3":{"line":51,"type":"cond-expr","locations":[{"start":{"line":52,"column":14},"end":{"line":52,"column":20}},{"start":{"line":53,"column":14},"end":{"line":53,"column":20}}]},"4":{"line":55,"type":"binary-expr","locations":[{"start":{"line":55,"column":16},"end":{"line":55,"column":44}},{"start":{"line":55,"column":49},"end":{"line":57,"column":43}}]},"5":{"line":55,"type":"cond-expr","locations":[{"start":{"line":56,"column":14},"end":{"line":56,"column":50}},{"start":{"line":57,"column":14},"end":{"line":57,"column":43}}]},"6":{"line":61,"type":"switch","locations":[{"start":{"line":68,"column":4},"end":{"line":150,"column":14},"skip":true},{"start":{"line":156,"column":4},"end":{"line":324,"column":14},"skip":true}]},"7":{"line":70,"type":"if","locations":[{"start":{"line":70,"column":12},"end":{"line":70,"column":12},"skip":true},{"start":{"line":70,"column":12},"end":{"line":70,"column":12},"skip":true}]},"8":{"line":70,"type":"binary-expr","locations":[{"start":{"line":70,"column":16},"end":{"line":70,"column":22},"skip":true},{"start":{"line":70,"column":27},"end":{"line":70,"column":32},"skip":true},{"start":{"line":71,"column":20},"end":{"line":71,"column":39},"skip":true},{"start":{"line":72,"column":20},"end":{"line":72,"column":49},"skip":true},{"start":{"line":73,"column":20},"end":{"line":73,"column":58},"skip":true},{"start":{"line":74,"column":20},"end":{"line":74,"column":69},"skip":true}]},"9":{"line":79,"type":"switch","locations":[{"start":{"line":80,"column":20},"end":{"line":80,"column":33},"skip":true},{"start":{"line":81,"column":20},"end":{"line":83,"column":30},"skip":true},{"start":{"line":84,"column":20},"end":{"line":85,"column":49},"skip":true}]},"10":{"line":89,"type":"switch","locations":[{"start":{"line":90,"column":12},"end":{"line":103,"column":22},"skip":true},{"start":{"line":105,"column":12},"end":{"line":106,"column":22},"skip":true}]},"11":{"line":89,"type":"binary-expr","locations":[{"start":{"line":89,"column":20},"end":{"line":89,"column":25},"skip":true},{"start":{"line":89,"column":29},"end":{"line":89,"column":48},"skip":true},{"start":{"line":89,"column":52},"end":{"line":89,"column":74},"skip":true}]},"12":{"line":92,"type":"if","locations":[{"start":{"line":92,"column":16},"end":{"line":92,"column":16},"skip":true},{"start":{"line":92,"column":16},"end":{"line":92,"column":16},"skip":true}]},"13":{"line":108,"type":"if","locations":[{"start":{"line":108,"column":12},"end":{"line":108,"column":12},"skip":true},{"start":{"line":108,"column":12},"end":{"line":108,"column":12},"skip":true}]},"14":{"line":108,"type":"binary-expr","locations":[{"start":{"line":108,"column":16},"end":{"line":108,"column":61},"skip":true},{"start":{"line":108,"column":66},"end":{"line":108,"column":72},"skip":true},{"start":{"line":108,"column":77},"end":{"line":108,"column":82},"skip":true},{"start":{"line":109,"column":20},"end":{"line":109,"column":39},"skip":true},{"start":{"line":110,"column":20},"end":{"line":110,"column":49},"skip":true},{"start":{"line":111,"column":20},"end":{"line":111,"column":58},"skip":true},{"start":{"line":112,"column":20},"end":{"line":112,"column":68},"skip":true}]},"15":{"line":129,"type":"if","locations":[{"start":{"line":129,"column":16},"end":{"line":129,"column":16},"skip":true},{"start":{"line":129,"column":16},"end":{"line":129,"column":16},"skip":true}]},"16":{"line":134,"type":"cond-expr","locations":[{"start":{"line":135,"column":26},"end":{"line":135,"column":29},"skip":true},{"start":{"line":136,"column":26},"end":{"line":136,"column":54},"skip":true}]},"17":{"line":164,"type":"binary-expr","locations":[{"start":{"line":164,"column":27},"end":{"line":164,"column":43},"skip":true},{"start":{"line":164,"column":47},"end":{"line":164,"column":49},"skip":true}]},"18":{"line":258,"type":"if","locations":[{"start":{"line":258,"column":8},"end":{"line":258,"column":8},"skip":true},{"start":{"line":258,"column":8},"end":{"line":258,"column":8},"skip":true}]},"19":{"line":275,"type":"switch","locations":[{"start":{"line":276,"column":20},"end":{"line":277,"column":64},"skip":true},{"start":{"line":278,"column":20},"end":{"line":279,"column":40},"skip":true},{"start":{"line":280,"column":20},"end":{"line":281,"column":40},"skip":true},{"start":{"line":282,"column":20},"end":{"line":283,"column":39},"skip":true}]},"20":{"line":288,"type":"if","locations":[{"start":{"line":288,"column":8},"end":{"line":288,"column":8},"skip":true},{"start":{"line":288,"column":8},"end":{"line":288,"column":8},"skip":true}]},"21":{"line":288,"type":"binary-expr","locations":[{"start":{"line":288,"column":12},"end":{"line":288,"column":40},"skip":true},{"start":{"line":288,"column":44},"end":{"line":288,"column":67},"skip":true}]},"22":{"line":292,"type":"binary-expr","locations":[{"start":{"line":292,"column":12},"end":{"line":292,"column":50},"skip":true},{"start":{"line":293,"column":12},"end":{"line":293,"column":53},"skip":true}]},"23":{"line":297,"type":"binary-expr","locations":[{"start":{"line":297,"column":12},"end":{"line":297,"column":64},"skip":true},{"start":{"line":298,"column":12},"end":{"line":301,"column":36},"skip":true}]},"24":{"line":303,"type":"binary-expr","locations":[{"start":{"line":303,"column":43},"end":{"line":303,"column":75},"skip":true},{"start":{"line":303,"column":79},"end":{"line":303,"column":81},"skip":true}]},"25":{"line":306,"type":"if","locations":[{"start":{"line":306,"column":8},"end":{"line":306,"column":8},"skip":true},{"start":{"line":306,"column":8},"end":{"line":306,"column":8},"skip":true}]},"26":{"line":310,"type":"if","locations":[{"start":{"line":310,"column":8},"end":{"line":310,"column":8},"skip":true},{"start":{"line":310,"column":8},"end":{"line":310,"column":8},"skip":true}]},"27":{"line":313,"type":"binary-expr","locations":[{"start":{"line":313,"column":27},"end":{"line":313,"column":43},"skip":true},{"start":{"line":313,"column":47},"end":{"line":313,"column":53},"skip":true}]},"28":{"line":317,"type":"if","locations":[{"start":{"line":317,"column":12},"end":{"line":317,"column":12},"skip":true},{"start":{"line":317,"column":12},"end":{"line":317,"column":12},"skip":true}]}},"code":["/*","example.js","","quickstart example","","instruction","    1. save this script as example.js","    2. run the shell command:","        $ npm install npmtest-sha.js && PORT=8081 node example.js","    3. play with the browser-demo on http://127.0.0.1:8081","*/","","","","/* istanbul instrument in package npmtest_sha_js */","/*jslint","    bitwise: true,","    browser: true,","    maxerr: 8,","    maxlen: 96,","    node: true,","    nomen: true,","    regexp: true,","    stupid: true","*/","(function () {","    'use strict';","    var local;","","","","    // run shared js-env code - init-before","    (function () {","        // init local","        local = {};","        // init modeJs","        local.modeJs = (function () {","            try {","                return typeof navigator.userAgent === 'string' &&","                    typeof document.querySelector('body') === 'object' &&","                    typeof XMLHttpRequest.prototype.open === 'function' &&","                    'browser';","            } catch (errorCaughtBrowser) {","                return module.exports &&","                    typeof process.versions.node === 'string' &&","                    typeof require('http').createServer === 'function' &&","                    'node';","            }","        }());","        // init global","        local.global = local.modeJs === 'browser'","            ? window","            : global;","        // init utility2_rollup","        local = local.global.utility2_rollup || (local.modeJs === 'browser'","            ? local.global.utility2_npmtest_sha_js","            : global.utility2_moduleExports);","        // export local","        local.global.local = local;","    }());","    switch (local.modeJs) {","","","","    // init-after","    // run browser js-env code - init-after","    /* istanbul ignore next */","    case 'browser':","        local.testRunBrowser = function (event) {","            if (!event || (event &&","                    event.currentTarget &&","                    event.currentTarget.className &&","                    event.currentTarget.className.includes &&","                    event.currentTarget.className.includes('onreset'))) {","                // reset output","                Array.from(","                    document.querySelectorAll('body > .resettable')","                ).forEach(function (element) {","                    switch (element.tagName) {","                    case 'INPUT':","                    case 'TEXTAREA':","                        element.value = '';","                        break;","                    default:","                        element.textContent = '';","                    }","                });","            }","            switch (event && event.currentTarget && event.currentTarget.id) {","            case 'testRunButton1':","                // show tests","                if (document.querySelector('#testReportDiv1').style.display === 'none') {","                    document.querySelector('#testReportDiv1').style.display = 'block';","                    document.querySelector('#testRunButton1').textContent =","                        'hide internal test';","                    local.modeTest = true;","                    local.testRunDefault(local);","                // hide tests","                } else {","                    document.querySelector('#testReportDiv1').style.display = 'none';","                    document.querySelector('#testRunButton1').textContent = 'run internal test';","                }","                break;","            // custom-case","            default:","                break;","            }","            if (document.querySelector('#inputTextareaEval1') && (!event || (event &&","                    event.currentTarget &&","                    event.currentTarget.className &&","                    event.currentTarget.className.includes &&","                    event.currentTarget.className.includes('oneval')))) {","                // try to eval input-code","                try {","                    /*jslint evil: true*/","                    eval(document.querySelector('#inputTextareaEval1').value);","                } catch (errorCaught) {","                    console.error(errorCaught);","                }","            }","        };","        // log stderr and stdout to #outputTextareaStdout1","        ['error', 'log'].forEach(function (key) {","            console[key + '_original'] = console[key];","            console[key] = function () {","                var element;","                console[key + '_original'].apply(console, arguments);","                element = document.querySelector('#outputTextareaStdout1');","                if (!element) {","                    return;","                }","                // append text to #outputTextareaStdout1","                element.value += Array.from(arguments).map(function (arg) {","                    return typeof arg === 'string'","                        ? arg","                        : JSON.stringify(arg, null, 4);","                }).join(' ') + '\\n';","                // scroll textarea to bottom","                element.scrollTop = element.scrollHeight;","            };","        });","        // init event-handling","        ['change', 'click', 'keyup'].forEach(function (event) {","            Array.from(document.querySelectorAll('.on' + event)).forEach(function (element) {","                element.addEventListener(event, local.testRunBrowser);","            });","        });","        // run tests","        local.testRunBrowser();","        break;","","","","    // run node js-env code - init-after","    /* istanbul ignore next */","    case 'node':","        // export local","        module.exports = local;","        // require modules","        local.fs = require('fs');","        local.http = require('http');","        local.url = require('url');","        // init assets","        local.assetsDict = local.assetsDict || {};","        /* jslint-ignore-begin */","        local.assetsDict['/assets.index.template.html'] = '\\","<!doctype html>\\n\\","<html lang=\"en\">\\n\\","<head>\\n\\","<meta charset=\"UTF-8\">\\n\\","<meta name=\"viewport\" content=\"width=device-width, initial-scale=1\">\\n\\","<title>{{env.npm_package_name}} (v{{env.npm_package_version}})</title>\\n\\","<style>\\n\\","/*csslint\\n\\","    box-sizing: false,\\n\\","    universal-selector: false\\n\\","*/\\n\\","* {\\n\\","    box-sizing: border-box;\\n\\","}\\n\\","body {\\n\\","    background: #dde;\\n\\","    font-family: Arial, Helvetica, sans-serif;\\n\\","    margin: 2rem;\\n\\","}\\n\\","body > * {\\n\\","    margin-bottom: 1rem;\\n\\","}\\n\\",".utility2FooterDiv {\\n\\","    margin-top: 20px;\\n\\","    text-align: center;\\n\\","}\\n\\","</style>\\n\\","<style>\\n\\","/*csslint\\n\\","*/\\n\\","textarea {\\n\\","    font-family: monospace;\\n\\","    height: 10rem;\\n\\","    width: 100%;\\n\\","}\\n\\","textarea[readonly] {\\n\\","    background: #ddd;\\n\\","}\\n\\","</style>\\n\\","</head>\\n\\","<body>\\n\\","<!-- utility2-comment\\n\\","<div id=\"ajaxProgressDiv1\" style=\"background: #d00; height: 2px; left: 0; margin: 0; padding: 0; position: fixed; top: 0; transition: background 0.5s, width 1.5s; width: 25%;\"></div>\\n\\","utility2-comment -->\\n\\","<h1>\\n\\","<!-- utility2-comment\\n\\","    <a\\n\\","        {{#if env.npm_package_homepage}}\\n\\","        href=\"{{env.npm_package_homepage}}\"\\n\\","        {{/if env.npm_package_homepage}}\\n\\","        target=\"_blank\"\\n\\","    >\\n\\","utility2-comment -->\\n\\","        {{env.npm_package_name}} (v{{env.npm_package_version}})\\n\\","<!-- utility2-comment\\n\\","    </a>\\n\\","utility2-comment -->\\n\\","</h1>\\n\\","<h3>{{env.npm_package_description}}</h3>\\n\\","<!-- utility2-comment\\n\\","<h4><a download href=\"assets.app.js\">download standalone app</a></h4>\\n\\","<button class=\"onclick onreset\" id=\"testRunButton1\">run internal test</button><br>\\n\\","<div id=\"testReportDiv1\" style=\"display: none;\"></div>\\n\\","utility2-comment -->\\n\\","\\n\\","\\n\\","\\n\\","<label>stderr and stdout</label>\\n\\","<textarea class=\"resettable\" id=\"outputTextareaStdout1\" readonly></textarea>\\n\\","<!-- utility2-comment\\n\\","{{#if isRollup}}\\n\\","<script src=\"assets.app.js\"></script>\\n\\","{{#unless isRollup}}\\n\\","utility2-comment -->\\n\\","<script src=\"assets.utility2.rollup.js\"></script>\\n\\","<script src=\"jsonp.utility2._stateInit?callback=window.utility2._stateInit\"></script>\\n\\","<script src=\"assets.npmtest_sha_js.rollup.js\"></script>\\n\\","<script src=\"assets.example.js\"></script>\\n\\","<script src=\"assets.test.js\"></script>\\n\\","<!-- utility2-comment\\n\\","{{/if isRollup}}\\n\\","utility2-comment -->\\n\\","<div class=\"utility2FooterDiv\">\\n\\","    [ this app was created with\\n\\","    <a href=\"https://github.com/kaizhu256/node-utility2\" target=\"_blank\">utility2</a>\\n\\","    ]\\n\\","</div>\\n\\","</body>\\n\\","</html>\\n\\","';","        /* jslint-ignore-end */","        if (local.templateRender) {","            local.assetsDict['/'] = local.templateRender(","                local.assetsDict['/assets.index.template.html'],","                {","                    env: local.objectSetDefault(local.env, {","                        npm_package_description: 'the greatest app in the world!',","                        npm_package_name: 'my-app',","                        npm_package_nameAlias: 'my_app',","                        npm_package_version: '0.0.1'","                    })","                }","            );","        } else {","            local.assetsDict['/'] = local.assetsDict['/assets.index.template.html']","                .replace((/\\{\\{env\\.(\\w+?)\\}\\}/g), function (match0, match1) {","                    // jslint-hack","                    String(match0);","                    switch (match1) {","                    case 'npm_package_description':","                        return 'the greatest app in the world!';","                    case 'npm_package_name':","                        return 'my-app';","                    case 'npm_package_nameAlias':","                        return 'my_app';","                    case 'npm_package_version':","                        return '0.0.1';","                    }","                });","        }","        // run the cli","        if (local.global.utility2_rollup || module !== require.main) {","            break;","        }","        local.assetsDict['/assets.example.js'] =","            local.assetsDict['/assets.example.js'] ||","            local.fs.readFileSync(__filename, 'utf8');","        // bug-workaround - long $npm_package_buildCustomOrg","        /* jslint-ignore-begin */","        local.assetsDict['/assets.npmtest_sha_js.rollup.js'] =","            local.assetsDict['/assets.npmtest_sha_js.rollup.js'] ||","            local.fs.readFileSync(","                local.npmtest_sha_js.__dirname + '/lib.npmtest_sha_js.js',","                'utf8'","            ).replace((/^#!/), '//');","        /* jslint-ignore-end */","        local.assetsDict['/favicon.ico'] = local.assetsDict['/favicon.ico'] || '';","        // if $npm_config_timeout_exit exists,","        // then exit this process after $npm_config_timeout_exit ms","        if (Number(process.env.npm_config_timeout_exit)) {","            setTimeout(process.exit, Number(process.env.npm_config_timeout_exit));","        }","        // start server","        if (local.global.utility2_serverHttp1) {","            break;","        }","        process.env.PORT = process.env.PORT || '8081';","        console.error('server starting on port ' + process.env.PORT);","        local.http.createServer(function (request, response) {","            request.urlParsed = local.url.parse(request.url);","            if (local.assetsDict[request.urlParsed.pathname] !== undefined) {","                response.end(local.assetsDict[request.urlParsed.pathname]);","                return;","            }","            response.statusCode = 404;","            response.end();","        }).listen(process.env.PORT);","        break;","    }","}());",""],"l":{"26":2,"28":2,"33":2,"35":2,"37":2,"38":2,"39":2,"44":1,"51":2,"55":2,"59":2,"61":2,"69":1,"70":2,"76":2,"79":2,"82":2,"83":2,"85":1,"89":2,"92":1,"93":1,"94":1,"96":1,"97":1,"100":1,"101":1,"103":1,"106":1,"108":2,"114":1,"116":1,"118":1,"123":1,"124":2,"125":2,"126":3,"127":3,"128":3,"129":3,"130":1,"133":3,"134":3,"139":3,"143":1,"144":3,"145":1,"149":1,"150":1,"158":1,"160":1,"161":1,"162":1,"164":1,"166":1,"258":1,"259":1,"271":1,"274":6,"275":6,"277":1,"279":2,"281":1,"283":2,"288":1,"289":1,"291":1,"296":1,"303":1,"306":1,"307":1,"310":1,"311":1,"313":1,"314":1,"315":1,"316":1,"317":1,"318":1,"319":1,"321":1,"322":1,"324":1}},"/home/travis/build/npmtest/node-npmtest-sha.js/node_modules/sha.js/index.js":{"path":"/home/travis/build/npmtest/node-npmtest-sha.js/node_modules/sha.js/index.js","s":{"1":1,"2":0,"3":0,"4":0,"5":0,"6":0,"7":1,"8":1,"9":1,"10":1,"11":1,"12":1},"b":{"1":[0,0]},"f":{"1":0},"fnMap":{"1":{"name":"SHA","line":1,"loc":{"start":{"line":1,"column":31},"end":{"line":1,"column":56}}}},"statementMap":{"1":{"start":{"line":1,"column":0},"end":{"line":8,"column":1}},"2":{"start":{"line":2,"column":2},"end":{"line":2,"column":37}},"3":{"start":{"line":4,"column":2},"end":{"line":4,"column":36}},"4":{"start":{"line":5,"column":2},"end":{"line":5,"column":92}},"5":{"start":{"line":5,"column":18},"end":{"line":5,"column":92}},"6":{"start":{"line":7,"column":2},"end":{"line":7,"column":24}},"7":{"start":{"line":10,"column":0},"end":{"line":10,"column":30}},"8":{"start":{"line":11,"column":0},"end":{"line":11,"column":32}},"9":{"start":{"line":12,"column":0},"end":{"line":12,"column":36}},"10":{"start":{"line":13,"column":0},"end":{"line":13,"column":36}},"11":{"start":{"line":14,"column":0},"end":{"line":14,"column":36}},"12":{"start":{"line":15,"column":0},"end":{"line":15,"column":36}}},"branchMap":{"1":{"line":5,"type":"if","locations":[{"start":{"line":5,"column":2},"end":{"line":5,"column":2}},{"start":{"line":5,"column":2},"end":{"line":5,"column":2}}]}},"code":["var exports = module.exports = function SHA (algorithm) {","  algorithm = algorithm.toLowerCase()","","  var Algorithm = exports[algorithm]","  if (!Algorithm) throw new Error(algorithm + ' is not supported (we accept pull requests)')","","  return new Algorithm()","}","","exports.sha = require('./sha')","exports.sha1 = require('./sha1')","exports.sha224 = require('./sha224')","exports.sha256 = require('./sha256')","exports.sha384 = require('./sha384')","exports.sha512 = require('./sha512')",""],"l":{"1":1,"2":0,"4":0,"5":0,"7":0,"10":1,"11":1,"12":1,"13":1,"14":1,"15":1}},"/home/travis/build/npmtest/node-npmtest-sha.js/node_modules/sha.js/sha.js":{"path":"/home/travis/build/npmtest/node-npmtest-sha.js/node_modules/sha.js/sha.js","s":{"1":1,"2":1,"3":1,"4":1,"5":1,"6":0,"7":0,"8":0,"9":1,"10":1,"11":0,"12":0,"13":0,"14":0,"15":0,"16":0,"17":1,"18":0,"19":1,"20":0,"21":1,"22":0,"23":0,"24":0,"25":0,"26":0,"27":1,"28":0,"29":0,"30":0,"31":0,"32":0,"33":0,"34":0,"35":0,"36":0,"37":0,"38":0,"39":0,"40":0,"41":0,"42":0,"43":0,"44":0,"45":0,"46":0,"47":0,"48":0,"49":0,"50":0,"51":1,"52":0,"53":0,"54":0,"55":0,"56":0,"57":0,"58":0,"59":1},"b":{"1":[0,0],"2":[0,0]},"f":{"1":0,"2":0,"3":0,"4":0,"5":0,"6":0,"7":0},"fnMap":{"1":{"name":"Sha","line":18,"loc":{"start":{"line":18,"column":0},"end":{"line":18,"column":16}}},"2":{"name":"(anonymous_2)","line":27,"loc":{"start":{"line":27,"column":21},"end":{"line":27,"column":33}}},"3":{"name":"rotl5","line":37,"loc":{"start":{"line":37,"column":0},"end":{"line":37,"column":21}}},"4":{"name":"rotl30","line":41,"loc":{"start":{"line":41,"column":0},"end":{"line":41,"column":22}}},"5":{"name":"ft","line":45,"loc":{"start":{"line":45,"column":0},"end":{"line":45,"column":25}}},"6":{"name":"(anonymous_6)","line":51,"loc":{"start":{"line":51,"column":24},"end":{"line":51,"column":37}}},"7":{"name":"(anonymous_7)","line":81,"loc":{"start":{"line":81,"column":22},"end":{"line":81,"column":34}}}},"statementMap":{"1":{"start":{"line":9,"column":0},"end":{"line":9,"column":34}},"2":{"start":{"line":10,"column":0},"end":{"line":10,"column":28}},"3":{"start":{"line":12,"column":0},"end":{"line":14,"column":1}},"4":{"start":{"line":16,"column":0},"end":{"line":16,"column":21}},"5":{"start":{"line":18,"column":0},"end":{"line":23,"column":1}},"6":{"start":{"line":19,"column":2},"end":{"line":19,"column":13}},"7":{"start":{"line":20,"column":2},"end":{"line":20,"column":13}},"8":{"start":{"line":22,"column":2},"end":{"line":22,"column":25}},"9":{"start":{"line":25,"column":0},"end":{"line":25,"column":19}},"10":{"start":{"line":27,"column":0},"end":{"line":35,"column":1}},"11":{"start":{"line":28,"column":2},"end":{"line":28,"column":22}},"12":{"start":{"line":29,"column":2},"end":{"line":29,"column":22}},"13":{"start":{"line":30,"column":2},"end":{"line":30,"column":22}},"14":{"start":{"line":31,"column":2},"end":{"line":31,"column":22}},"15":{"start":{"line":32,"column":2},"end":{"line":32,"column":22}},"16":{"start":{"line":34,"column":2},"end":{"line":34,"column":13}},"17":{"start":{"line":37,"column":0},"end":{"line":39,"column":1}},"18":{"start":{"line":38,"column":2},"end":{"line":38,"column":34}},"19":{"start":{"line":41,"column":0},"end":{"line":43,"column":1}},"20":{"start":{"line":42,"column":2},"end":{"line":42,"column":34}},"21":{"start":{"line":45,"column":0},"end":{"line":49,"column":1}},"22":{"start":{"line":46,"column":2},"end":{"line":46,"column":42}},"23":{"start":{"line":46,"column":15},"end":{"line":46,"column":42}},"24":{"start":{"line":47,"column":2},"end":{"line":47,"column":49}},"25":{"start":{"line":47,"column":15},"end":{"line":47,"column":49}},"26":{"start":{"line":48,"column":2},"end":{"line":48,"column":18}},"27":{"start":{"line":51,"column":0},"end":{"line":79,"column":1}},"28":{"start":{"line":52,"column":2},"end":{"line":52,"column":17}},"29":{"start":{"line":54,"column":2},"end":{"line":54,"column":21}},"30":{"start":{"line":55,"column":2},"end":{"line":55,"column":21}},"31":{"start":{"line":56,"column":2},"end":{"line":56,"column":21}},"32":{"start":{"line":57,"column":2},"end":{"line":57,"column":21}},"33":{"start":{"line":58,"column":2},"end":{"line":58,"column":21}},"34":{"start":{"line":60,"column":2},"end":{"line":60,"column":58}},"35":{"start":{"line":60,"column":31},"end":{"line":60,"column":58}},"36":{"start":{"line":61,"column":2},"end":{"line":61,"column":72}},"37":{"start":{"line":61,"column":22},"end":{"line":61,"column":72}},"38":{"start":{"line":63,"column":2},"end":{"line":72,"column":3}},"39":{"start":{"line":64,"column":4},"end":{"line":64,"column":22}},"40":{"start":{"line":65,"column":4},"end":{"line":65,"column":61}},"41":{"start":{"line":67,"column":4},"end":{"line":67,"column":9}},"42":{"start":{"line":68,"column":4},"end":{"line":68,"column":9}},"43":{"start":{"line":69,"column":4},"end":{"line":69,"column":17}},"44":{"start":{"line":70,"column":4},"end":{"line":70,"column":9}},"45":{"start":{"line":71,"column":4},"end":{"line":71,"column":9}},"46":{"start":{"line":74,"column":2},"end":{"line":74,"column":29}},"47":{"start":{"line":75,"column":2},"end":{"line":75,"column":29}},"48":{"start":{"line":76,"column":2},"end":{"line":76,"column":29}},"49":{"start":{"line":77,"column":2},"end":{"line":77,"column":29}},"50":{"start":{"line":78,"column":2},"end":{"line":78,"column":29}},"51":{"start":{"line":81,"column":0},"end":{"line":91,"column":1}},"52":{"start":{"line":82,"column":2},"end":{"line":82,"column":24}},"53":{"start":{"line":84,"column":2},"end":{"line":84,"column":32}},"54":{"start":{"line":85,"column":2},"end":{"line":85,"column":32}},"55":{"start":{"line":86,"column":2},"end":{"line":86,"column":32}},"56":{"start":{"line":87,"column":2},"end":{"line":87,"column":33}},"57":{"start":{"line":88,"column":2},"end":{"line":88,"column":33}},"58":{"start":{"line":90,"column":2},"end":{"line":90,"column":10}},"59":{"start":{"line":93,"column":0},"end":{"line":93,"column":20}}},"branchMap":{"1":{"line":46,"type":"if","locations":[{"start":{"line":46,"column":2},"end":{"line":46,"column":2}},{"start":{"line":46,"column":2},"end":{"line":46,"column":2}}]},"2":{"line":47,"type":"if","locations":[{"start":{"line":47,"column":2},"end":{"line":47,"column":2}},{"start":{"line":47,"column":2},"end":{"line":47,"column":2}}]}},"code":["/*"," * A JavaScript implementation of the Secure Hash Algorithm, SHA-0, as defined"," * in FIPS PUB 180-1"," * This source code is derived from sha1.js of the same repository."," * The difference between SHA-0 and SHA-1 is just a bitwise rotate left"," * operation was added."," */","","var inherits = require('inherits')","var Hash = require('./hash')","","var K = [","  0x5a827999, 0x6ed9eba1, 0x8f1bbcdc | 0, 0xca62c1d6 | 0","]","","var W = new Array(80)","","function Sha () {","  this.init()","  this._w = W","","  Hash.call(this, 64, 56)","}","","inherits(Sha, Hash)","","Sha.prototype.init = function () {","  this._a = 0x67452301","  this._b = 0xefcdab89","  this._c = 0x98badcfe","  this._d = 0x10325476","  this._e = 0xc3d2e1f0","","  return this","}","","function rotl5 (num) {","  return (num << 5) | (num >>> 27)","}","","function rotl30 (num) {","  return (num << 30) | (num >>> 2)","}","","function ft (s, b, c, d) {","  if (s === 0) return (b & c) | ((~b) & d)","  if (s === 2) return (b & c) | (b & d) | (c & d)","  return b ^ c ^ d","}","","Sha.prototype._update = function (M) {","  var W = this._w","","  var a = this._a | 0","  var b = this._b | 0","  var c = this._c | 0","  var d = this._d | 0","  var e = this._e | 0","","  for (var i = 0; i < 16; ++i) W[i] = M.readInt32BE(i * 4)","  for (; i < 80; ++i) W[i] = W[i - 3] ^ W[i - 8] ^ W[i - 14] ^ W[i - 16]","","  for (var j = 0; j < 80; ++j) {","    var s = ~~(j / 20)","    var t = (rotl5(a) + ft(s, b, c, d) + e + W[j] + K[s]) | 0","","    e = d","    d = c","    c = rotl30(b)","    b = a","    a = t","  }","","  this._a = (a + this._a) | 0","  this._b = (b + this._b) | 0","  this._c = (c + this._c) | 0","  this._d = (d + this._d) | 0","  this._e = (e + this._e) | 0","}","","Sha.prototype._hash = function () {","  var H = new Buffer(20)","","  H.writeInt32BE(this._a | 0, 0)","  H.writeInt32BE(this._b | 0, 4)","  H.writeInt32BE(this._c | 0, 8)","  H.writeInt32BE(this._d | 0, 12)","  H.writeInt32BE(this._e | 0, 16)","","  return H","}","","module.exports = Sha",""],"l":{"9":1,"10":1,"12":1,"16":1,"18":1,"19":0,"20":0,"22":0,"25":1,"27":1,"28":0,"29":0,"30":0,"31":0,"32":0,"34":0,"37":1,"38":0,"41":1,"42":0,"45":1,"46":0,"47":0,"48":0,"51":1,"52":0,"54":0,"55":0,"56":0,"57":0,"58":0,"60":0,"61":0,"63":0,"64":0,"65":0,"67":0,"68":0,"69":0,"70":0,"71":0,"74":0,"75":0,"76":0,"77":0,"78":0,"81":1,"82":0,"84":0,"85":0,"86":0,"87":0,"88":0,"90":0,"93":1}},"/home/travis/build/npmtest/node-npmtest-sha.js/node_modules/sha.js/hash.js":{"path":"/home/travis/build/npmtest/node-npmtest-sha.js/node_modules/sha.js/hash.js","s":{"1":1,"2":0,"3":0,"4":0,"5":0,"6":0,"7":1,"8":0,"9":0,"10":0,"11":0,"12":0,"13":0,"14":0,"15":0,"16":0,"17":0,"18":0,"19":0,"20":0,"21":0,"22":0,"23":0,"24":0,"25":0,"26":1,"27":0,"28":0,"29":0,"30":0,"31":0,"32":0,"33":0,"34":0,"35":0,"36":1,"37":0,"38":1},"b":{"1":[0,0],"2":[0,0],"3":[0,0],"4":[0,0],"5":[0,0],"6":[0,0],"7":[0,0]},"f":{"1":0,"2":0,"3":0,"4":0},"fnMap":{"1":{"name":"Hash","line":2,"loc":{"start":{"line":2,"column":0},"end":{"line":2,"column":37}}},"2":{"name":"(anonymous_2)","line":10,"loc":{"start":{"line":10,"column":24},"end":{"line":10,"column":45}}},"3":{"name":"(anonymous_3)","line":41,"loc":{"start":{"line":41,"column":24},"end":{"line":41,"column":39}}},"4":{"name":"(anonymous_4)","line":65,"loc":{"start":{"line":65,"column":25},"end":{"line":65,"column":37}}}},"statementMap":{"1":{"start":{"line":2,"column":0},"end":{"line":8,"column":1}},"2":{"start":{"line":3,"column":2},"end":{"line":3,"column":37}},"3":{"start":{"line":4,"column":2},"end":{"line":4,"column":29}},"4":{"start":{"line":5,"column":2},"end":{"line":5,"column":29}},"5":{"start":{"line":6,"column":2},"end":{"line":6,"column":15}},"6":{"start":{"line":7,"column":2},"end":{"line":7,"column":13}},"7":{"start":{"line":10,"column":0},"end":{"line":39,"column":1}},"8":{"start":{"line":11,"column":2},"end":{"line":14,"column":3}},"9":{"start":{"line":12,"column":4},"end":{"line":12,"column":23}},"10":{"start":{"line":13,"column":4},"end":{"line":13,"column":32}},"11":{"start":{"line":16,"column":2},"end":{"line":16,"column":34}},"12":{"start":{"line":17,"column":2},"end":{"line":17,"column":22}},"13":{"start":{"line":18,"column":2},"end":{"line":18,"column":11}},"14":{"start":{"line":19,"column":2},"end":{"line":19,"column":26}},"15":{"start":{"line":21,"column":2},"end":{"line":35,"column":3}},"16":{"start":{"line":22,"column":4},"end":{"line":22,"column":78}},"17":{"start":{"line":23,"column":4},"end":{"line":23,"column":20}},"18":{"start":{"line":25,"column":4},"end":{"line":27,"column":5}},"19":{"start":{"line":26,"column":6},"end":{"line":26,"column":53}},"20":{"start":{"line":29,"column":4},"end":{"line":29,"column":11}},"21":{"start":{"line":30,"column":4},"end":{"line":30,"column":11}},"22":{"start":{"line":32,"column":4},"end":{"line":34,"column":5}},"23":{"start":{"line":33,"column":6},"end":{"line":33,"column":26}},"24":{"start":{"line":36,"column":2},"end":{"line":36,"column":13}},"25":{"start":{"line":38,"column":2},"end":{"line":38,"column":13}},"26":{"start":{"line":41,"column":0},"end":{"line":63,"column":1}},"27":{"start":{"line":43,"column":2},"end":{"line":43,"column":23}},"28":{"start":{"line":46,"column":2},"end":{"line":46,"column":49}},"29":{"start":{"line":49,"column":2},"end":{"line":49,"column":54}},"30":{"start":{"line":51,"column":2},"end":{"line":54,"column":3}},"31":{"start":{"line":52,"column":4},"end":{"line":52,"column":29}},"32":{"start":{"line":53,"column":4},"end":{"line":53,"column":23}},"33":{"start":{"line":58,"column":2},"end":{"line":58,"column":50}},"34":{"start":{"line":60,"column":2},"end":{"line":60,"column":54}},"35":{"start":{"line":62,"column":2},"end":{"line":62,"column":40}},"36":{"start":{"line":65,"column":0},"end":{"line":67,"column":1}},"37":{"start":{"line":66,"column":2},"end":{"line":66,"column":60}},"38":{"start":{"line":69,"column":0},"end":{"line":69,"column":21}}},"branchMap":{"1":{"line":11,"type":"if","locations":[{"start":{"line":11,"column":2},"end":{"line":11,"column":2}},{"start":{"line":11,"column":2},"end":{"line":11,"column":2}}]},"2":{"line":12,"type":"binary-expr","locations":[{"start":{"line":12,"column":10},"end":{"line":12,"column":13}},{"start":{"line":12,"column":17},"end":{"line":12,"column":23}}]},"3":{"line":17,"type":"binary-expr","locations":[{"start":{"line":17,"column":10},"end":{"line":17,"column":17}},{"start":{"line":17,"column":21},"end":{"line":17,"column":22}}]},"4":{"line":32,"type":"if","locations":[{"start":{"line":32,"column":4},"end":{"line":32,"column":4}},{"start":{"line":32,"column":4},"end":{"line":32,"column":4}}]},"5":{"line":51,"type":"if","locations":[{"start":{"line":51,"column":2},"end":{"line":51,"column":2}},{"start":{"line":51,"column":2},"end":{"line":51,"column":2}}]},"6":{"line":60,"type":"binary-expr","locations":[{"start":{"line":60,"column":13},"end":{"line":60,"column":38}},{"start":{"line":60,"column":42},"end":{"line":60,"column":54}}]},"7":{"line":62,"type":"cond-expr","locations":[{"start":{"line":62,"column":15},"end":{"line":62,"column":33}},{"start":{"line":62,"column":36},"end":{"line":62,"column":40}}]}},"code":["// prototype class for hash functions","function Hash (blockSize, finalSize) {","  this._block = new Buffer(blockSize)","  this._finalSize = finalSize","  this._blockSize = blockSize","  this._len = 0","  this._s = 0","}","","Hash.prototype.update = function (data, enc) {","  if (typeof data === 'string') {","    enc = enc || 'utf8'","    data = new Buffer(data, enc)","  }","","  var l = this._len += data.length","  var s = this._s || 0","  var f = 0","  var buffer = this._block","","  while (s < l) {","    var t = Math.min(data.length, f + this._blockSize - (s % this._blockSize))","    var ch = (t - f)","","    for (var i = 0; i < ch; i++) {","      buffer[(s % this._blockSize) + i] = data[i + f]","    }","","    s += ch","    f += ch","","    if ((s % this._blockSize) === 0) {","      this._update(buffer)","    }","  }","  this._s = s","","  return this","}","","Hash.prototype.digest = function (enc) {","  // Suppose the length of the message M, in bits, is l","  var l = this._len * 8","","  // Append the bit 1 to the end of the message","  this._block[this._len % this._blockSize] = 0x80","","  // and then k zero bits, where k is the smallest non-negative solution to the equation (l + 1 + k) === finalSize mod blockSize","  this._block.fill(0, this._len % this._blockSize + 1)","","  if (l % (this._blockSize * 8) >= this._finalSize * 8) {","    this._update(this._block)","    this._block.fill(0)","  }","","  // to this append the block which is equal to the number l written in binary","  // TODO: handle case where l is > Math.pow(2, 29)","  this._block.writeInt32BE(l, this._blockSize - 4)","","  var hash = this._update(this._block) || this._hash()","","  return enc ? hash.toString(enc) : hash","}","","Hash.prototype._update = function () {","  throw new Error('_update must be implemented by subclass')","}","","module.exports = Hash",""],"l":{"2":1,"3":0,"4":0,"5":0,"6":0,"7":0,"10":1,"11":0,"12":0,"13":0,"16":0,"17":0,"18":0,"19":0,"21":0,"22":0,"23":0,"25":0,"26":0,"29":0,"30":0,"32":0,"33":0,"36":0,"38":0,"41":1,"43":0,"46":0,"49":0,"51":0,"52":0,"53":0,"58":0,"60":0,"62":0,"65":1,"66":0,"69":1}},"/home/travis/build/npmtest/node-npmtest-sha.js/node_modules/sha.js/sha1.js":{"path":"/home/travis/build/npmtest/node-npmtest-sha.js/node_modules/sha.js/sha1.js","s":{"1":1,"2":1,"3":1,"4":1,"5":1,"6":0,"7":0,"8":0,"9":1,"10":1,"11":0,"12":0,"13":0,"14":0,"15":0,"16":0,"17":1,"18":0,"19":1,"20":0,"21":1,"22":0,"23":1,"24":0,"25":0,"26":0,"27":0,"28":0,"29":1,"30":0,"31":0,"32":0,"33":0,"34":0,"35":0,"36":0,"37":0,"38":0,"39":0,"40":0,"41":0,"42":0,"43":0,"44":0,"45":0,"46":0,"47":0,"48":0,"49":0,"50":0,"51":0,"52":0,"53":1,"54":0,"55":0,"56":0,"57":0,"58":0,"59":0,"60":0,"61":1},"b":{"1":[0,0],"2":[0,0]},"f":{"1":0,"2":0,"3":0,"4":0,"5":0,"6":0,"7":0,"8":0},"fnMap":{"1":{"name":"Sha1","line":19,"loc":{"start":{"line":19,"column":0},"end":{"line":19,"column":17}}},"2":{"name":"(anonymous_2)","line":28,"loc":{"start":{"line":28,"column":22},"end":{"line":28,"column":34}}},"3":{"name":"rotl1","line":38,"loc":{"start":{"line":38,"column":0},"end":{"line":38,"column":21}}},"4":{"name":"rotl5","line":42,"loc":{"start":{"line":42,"column":0},"end":{"line":42,"column":21}}},"5":{"name":"rotl30","line":46,"loc":{"start":{"line":46,"column":0},"end":{"line":46,"column":22}}},"6":{"name":"ft","line":50,"loc":{"start":{"line":50,"column":0},"end":{"line":50,"column":25}}},"7":{"name":"(anonymous_7)","line":56,"loc":{"start":{"line":56,"column":25},"end":{"line":56,"column":38}}},"8":{"name":"(anonymous_8)","line":86,"loc":{"start":{"line":86,"column":23},"end":{"line":86,"column":35}}}},"statementMap":{"1":{"start":{"line":10,"column":0},"end":{"line":10,"column":34}},"2":{"start":{"line":11,"column":0},"end":{"line":11,"column":28}},"3":{"start":{"line":13,"column":0},"end":{"line":15,"column":1}},"4":{"start":{"line":17,"column":0},"end":{"line":17,"column":21}},"5":{"start":{"line":19,"column":0},"end":{"line":24,"column":1}},"6":{"start":{"line":20,"column":2},"end":{"line":20,"column":13}},"7":{"start":{"line":21,"column":2},"end":{"line":21,"column":13}},"8":{"start":{"line":23,"column":2},"end":{"line":23,"column":25}},"9":{"start":{"line":26,"column":0},"end":{"line":26,"column":20}},"10":{"start":{"line":28,"column":0},"end":{"line":36,"column":1}},"11":{"start":{"line":29,"column":2},"end":{"line":29,"column":22}},"12":{"start":{"line":30,"column":2},"end":{"line":30,"column":22}},"13":{"start":{"line":31,"column":2},"end":{"line":31,"column":22}},"14":{"start":{"line":32,"column":2},"end":{"line":32,"column":22}},"15":{"start":{"line":33,"column":2},"end":{"line":33,"column":22}},"16":{"start":{"line":35,"column":2},"end":{"line":35,"column":13}},"17":{"start":{"line":38,"column":0},"end":{"line":40,"column":1}},"18":{"start":{"line":39,"column":2},"end":{"line":39,"column":34}},"19":{"start":{"line":42,"column":0},"end":{"line":44,"column":1}},"20":{"start":{"line":43,"column":2},"end":{"line":43,"column":34}},"21":{"start":{"line":46,"column":0},"end":{"line":48,"column":1}},"22":{"start":{"line":47,"column":2},"end":{"line":47,"column":34}},"23":{"start":{"line":50,"column":0},"end":{"line":54,"column":1}},"24":{"start":{"line":51,"column":2},"end":{"line":51,"column":42}},"25":{"start":{"line":51,"column":15},"end":{"line":51,"column":42}},"26":{"start":{"line":52,"column":2},"end":{"line":52,"column":49}},"27":{"start":{"line":52,"column":15},"end":{"line":52,"column":49}},"28":{"start":{"line":53,"column":2},"end":{"line":53,"column":18}},"29":{"start":{"line":56,"column":0},"end":{"line":84,"column":1}},"30":{"start":{"line":57,"column":2},"end":{"line":57,"column":17}},"31":{"start":{"line":59,"column":2},"end":{"line":59,"column":21}},"32":{"start":{"line":60,"column":2},"end":{"line":60,"column":21}},"33":{"start":{"line":61,"column":2},"end":{"line":61,"column":21}},"34":{"start":{"line":62,"column":2},"end":{"line":62,"column":21}},"35":{"start":{"line":63,"column":2},"end":{"line":63,"column":21}},"36":{"start":{"line":65,"column":2},"end":{"line":65,"column":58}},"37":{"start":{"line":65,"column":31},"end":{"line":65,"column":58}},"38":{"start":{"line":66,"column":2},"end":{"line":66,"column":79}},"39":{"start":{"line":66,"column":22},"end":{"line":66,"column":79}},"40":{"start":{"line":68,"column":2},"end":{"line":77,"column":3}},"41":{"start":{"line":69,"column":4},"end":{"line":69,"column":22}},"42":{"start":{"line":70,"column":4},"end":{"line":70,"column":61}},"43":{"start":{"line":72,"column":4},"end":{"line":72,"column":9}},"44":{"start":{"line":73,"column":4},"end":{"line":73,"column":9}},"45":{"start":{"line":74,"column":4},"end":{"line":74,"column":17}},"46":{"start":{"line":75,"column":4},"end":{"line":75,"column":9}},"47":{"start":{"line":76,"column":4},"end":{"line":76,"column":9}},"48":{"start":{"line":79,"column":2},"end":{"line":79,"column":29}},"49":{"start":{"line":80,"column":2},"end":{"line":80,"column":29}},"50":{"start":{"line":81,"column":2},"end":{"line":81,"column":29}},"51":{"start":{"line":82,"column":2},"end":{"line":82,"column":29}},"52":{"start":{"line":83,"column":2},"end":{"line":83,"column":29}},"53":{"start":{"line":86,"column":0},"end":{"line":96,"column":1}},"54":{"start":{"line":87,"column":2},"end":{"line":87,"column":24}},"55":{"start":{"line":89,"column":2},"end":{"line":89,"column":32}},"56":{"start":{"line":90,"column":2},"end":{"line":90,"column":32}},"57":{"start":{"line":91,"column":2},"end":{"line":91,"column":32}},"58":{"start":{"line":92,"column":2},"end":{"line":92,"column":33}},"59":{"start":{"line":93,"column":2},"end":{"line":93,"column":33}},"60":{"start":{"line":95,"column":2},"end":{"line":95,"column":10}},"61":{"start":{"line":98,"column":0},"end":{"line":98,"column":21}}},"branchMap":{"1":{"line":51,"type":"if","locations":[{"start":{"line":51,"column":2},"end":{"line":51,"column":2}},{"start":{"line":51,"column":2},"end":{"line":51,"column":2}}]},"2":{"line":52,"type":"if","locations":[{"start":{"line":52,"column":2},"end":{"line":52,"column":2}},{"start":{"line":52,"column":2},"end":{"line":52,"column":2}}]}},"code":["/*"," * A JavaScript implementation of the Secure Hash Algorithm, SHA-1, as defined"," * in FIPS PUB 180-1"," * Version 2.1a Copyright Paul Johnston 2000 - 2002."," * Other contributors: Greg Holt, Andrew Kepert, Ydnar, Lostinet"," * Distributed under the BSD License"," * See http://pajhome.org.uk/crypt/md5 for details."," */","","var inherits = require('inherits')","var Hash = require('./hash')","","var K = [","  0x5a827999, 0x6ed9eba1, 0x8f1bbcdc | 0, 0xca62c1d6 | 0","]","","var W = new Array(80)","","function Sha1 () {","  this.init()","  this._w = W","","  Hash.call(this, 64, 56)","}","","inherits(Sha1, Hash)","","Sha1.prototype.init = function () {","  this._a = 0x67452301","  this._b = 0xefcdab89","  this._c = 0x98badcfe","  this._d = 0x10325476","  this._e = 0xc3d2e1f0","","  return this","}","","function rotl1 (num) {","  return (num << 1) | (num >>> 31)","}","","function rotl5 (num) {","  return (num << 5) | (num >>> 27)","}","","function rotl30 (num) {","  return (num << 30) | (num >>> 2)","}","","function ft (s, b, c, d) {","  if (s === 0) return (b & c) | ((~b) & d)","  if (s === 2) return (b & c) | (b & d) | (c & d)","  return b ^ c ^ d","}","","Sha1.prototype._update = function (M) {","  var W = this._w","","  var a = this._a | 0","  var b = this._b | 0","  var c = this._c | 0","  var d = this._d | 0","  var e = this._e | 0","","  for (var i = 0; i < 16; ++i) W[i] = M.readInt32BE(i * 4)","  for (; i < 80; ++i) W[i] = rotl1(W[i - 3] ^ W[i - 8] ^ W[i - 14] ^ W[i - 16])","","  for (var j = 0; j < 80; ++j) {","    var s = ~~(j / 20)","    var t = (rotl5(a) + ft(s, b, c, d) + e + W[j] + K[s]) | 0","","    e = d","    d = c","    c = rotl30(b)","    b = a","    a = t","  }","","  this._a = (a + this._a) | 0","  this._b = (b + this._b) | 0","  this._c = (c + this._c) | 0","  this._d = (d + this._d) | 0","  this._e = (e + this._e) | 0","}","","Sha1.prototype._hash = function () {","  var H = new Buffer(20)","","  H.writeInt32BE(this._a | 0, 0)","  H.writeInt32BE(this._b | 0, 4)","  H.writeInt32BE(this._c | 0, 8)","  H.writeInt32BE(this._d | 0, 12)","  H.writeInt32BE(this._e | 0, 16)","","  return H","}","","module.exports = Sha1",""],"l":{"10":1,"11":1,"13":1,"17":1,"19":1,"20":0,"21":0,"23":0,"26":1,"28":1,"29":0,"30":0,"31":0,"32":0,"33":0,"35":0,"38":1,"39":0,"42":1,"43":0,"46":1,"47":0,"50":1,"51":0,"52":0,"53":0,"56":1,"57":0,"59":0,"60":0,"61":0,"62":0,"63":0,"65":0,"66":0,"68":0,"69":0,"70":0,"72":0,"73":0,"74":0,"75":0,"76":0,"79":0,"80":0,"81":0,"82":0,"83":0,"86":1,"87":0,"89":0,"90":0,"91":0,"92":0,"93":0,"95":0,"98":1}},"/home/travis/build/npmtest/node-npmtest-sha.js/node_modules/sha.js/sha224.js":{"path":"/home/travis/build/npmtest/node-npmtest-sha.js/node_modules/sha.js/sha224.js","s":{"1":1,"2":1,"3":1,"4":1,"5":1,"6":0,"7":0,"8":0,"9":1,"10":1,"11":0,"12":0,"13":0,"14":0,"15":0,"16":0,"17":0,"18":0,"19":0,"20":1,"21":0,"22":0,"23":0,"24":0,"25":0,"26":0,"27":0,"28":0,"29":0,"30":1},"b":{},"f":{"1":0,"2":0,"3":0},"fnMap":{"1":{"name":"Sha224","line":15,"loc":{"start":{"line":15,"column":0},"end":{"line":15,"column":19}}},"2":{"name":"(anonymous_2)","line":25,"loc":{"start":{"line":25,"column":24},"end":{"line":25,"column":36}}},"3":{"name":"(anonymous_3)","line":38,"loc":{"start":{"line":38,"column":25},"end":{"line":38,"column":37}}}},"statementMap":{"1":{"start":{"line":9,"column":0},"end":{"line":9,"column":34}},"2":{"start":{"line":10,"column":0},"end":{"line":10,"column":32}},"3":{"start":{"line":11,"column":0},"end":{"line":11,"column":28}},"4":{"start":{"line":13,"column":0},"end":{"line":13,"column":21}},"5":{"start":{"line":15,"column":0},"end":{"line":21,"column":1}},"6":{"start":{"line":16,"column":2},"end":{"line":16,"column":13}},"7":{"start":{"line":18,"column":2},"end":{"line":18,"column":13}},"8":{"start":{"line":20,"column":2},"end":{"line":20,"column":25}},"9":{"start":{"line":23,"column":0},"end":{"line":23,"column":24}},"10":{"start":{"line":25,"column":0},"end":{"line":36,"column":1}},"11":{"start":{"line":26,"column":2},"end":{"line":26,"column":22}},"12":{"start":{"line":27,"column":2},"end":{"line":27,"column":22}},"13":{"start":{"line":28,"column":2},"end":{"line":28,"column":22}},"14":{"start":{"line":29,"column":2},"end":{"line":29,"column":22}},"15":{"start":{"line":30,"column":2},"end":{"line":30,"column":22}},"16":{"start":{"line":31,"column":2},"end":{"line":31,"column":22}},"17":{"start":{"line":32,"column":2},"end":{"line":32,"column":22}},"18":{"start":{"line":33,"column":2},"end":{"line":33,"column":22}},"19":{"start":{"line":35,"column":2},"end":{"line":35,"column":13}},"20":{"start":{"line":38,"column":0},"end":{"line":50,"column":1}},"21":{"start":{"line":39,"column":2},"end":{"line":39,"column":24}},"22":{"start":{"line":41,"column":2},"end":{"line":41,"column":28}},"23":{"start":{"line":42,"column":2},"end":{"line":42,"column":28}},"24":{"start":{"line":43,"column":2},"end":{"line":43,"column":28}},"25":{"start":{"line":44,"column":2},"end":{"line":44,"column":29}},"26":{"start":{"line":45,"column":2},"end":{"line":45,"column":29}},"27":{"start":{"line":46,"column":2},"end":{"line":46,"column":29}},"28":{"start":{"line":47,"column":2},"end":{"line":47,"column":29}},"29":{"start":{"line":49,"column":2},"end":{"line":49,"column":10}},"30":{"start":{"line":52,"column":0},"end":{"line":52,"column":23}}},"branchMap":{},"code":["/**"," * A JavaScript implementation of the Secure Hash Algorithm, SHA-256, as defined"," * in FIPS 180-2"," * Version 2.2-beta Copyright Angel Marin, Paul Johnston 2000 - 2009."," * Other contributors: Greg Holt, Andrew Kepert, Ydnar, Lostinet"," *"," */","","var inherits = require('inherits')","var Sha256 = require('./sha256')","var Hash = require('./hash')","","var W = new Array(64)","","function Sha224 () {","  this.init()","","  this._w = W // new Array(64)","","  Hash.call(this, 64, 56)","}","","inherits(Sha224, Sha256)","","Sha224.prototype.init = function () {","  this._a = 0xc1059ed8","  this._b = 0x367cd507","  this._c = 0x3070dd17","  this._d = 0xf70e5939","  this._e = 0xffc00b31","  this._f = 0x68581511","  this._g = 0x64f98fa7","  this._h = 0xbefa4fa4","","  return this","}","","Sha224.prototype._hash = function () {","  var H = new Buffer(28)","","  H.writeInt32BE(this._a, 0)","  H.writeInt32BE(this._b, 4)","  H.writeInt32BE(this._c, 8)","  H.writeInt32BE(this._d, 12)","  H.writeInt32BE(this._e, 16)","  H.writeInt32BE(this._f, 20)","  H.writeInt32BE(this._g, 24)","","  return H","}","","module.exports = Sha224",""],"l":{"9":1,"10":1,"11":1,"13":1,"15":1,"16":0,"18":0,"20":0,"23":1,"25":1,"26":0,"27":0,"28":0,"29":0,"30":0,"31":0,"32":0,"33":0,"35":0,"38":1,"39":0,"41":0,"42":0,"43":0,"44":0,"45":0,"46":0,"47":0,"49":0,"52":1}},"/home/travis/build/npmtest/node-npmtest-sha.js/node_modules/sha.js/sha256.js":{"path":"/home/travis/build/npmtest/node-npmtest-sha.js/node_modules/sha.js/sha256.js","s":{"1":1,"2":1,"3":1,"4":1,"5":1,"6":0,"7":0,"8":0,"9"
[...]
":{"start":{"line":221,"column":2},"end":{"line":221,"column":32}},"129":{"start":{"line":222,"column":2},"end":{"line":222,"column":32}},"130":{"start":{"line":223,"column":2},"end":{"line":223,"column":32}},"131":{"start":{"line":224,"column":2},"end":{"line":224,"column":32}},"132":{"start":{"line":225,"column":2},"end":{"line":225,"column":32}},"133":{"start":{"line":226,"column":2},"end":{"line":226,"column":32}},"134":{"start":{"line":227,"column":2},"end":{"line":227,"column":32}},"135":{"start":{"line":229,"column":2},"end":{"line":229,"column":57}},"136":{"start":{"line":230,"column":2},"end":{"line":230,"column":57}},"137":{"start":{"line":231,"column":2},"end":{"line":231,"column":57}},"138":{"start":{"line":232,"column":2},"end":{"line":232,"column":57}},"139":{"start":{"line":233,"column":2},"end":{"line":233,"column":57}},"140":{"start":{"line":234,"column":2},"end":{"line":234,"column":57}},"141":{"start":{"line":235,"column":2},"end":{"line":235,"column":57}},"142":{"start":{"line":236,"column":2},"end":{"line":236,"column":57}},"143":{"start":{"line":239,"column":0},"end":{"line":257,"column":1}},"144":{"start":{"line":240,"column":2},"end":{"line":240,"column":24}},"145":{"start":{"line":242,"column":2},"end":{"line":245,"column":3}},"146":{"start":{"line":243,"column":4},"end":{"line":243,"column":29}},"147":{"start":{"line":244,"column":4},"end":{"line":244,"column":33}},"148":{"start":{"line":247,"column":2},"end":{"line":247,"column":37}},"149":{"start":{"line":248,"column":2},"end":{"line":248,"column":37}},"150":{"start":{"line":249,"column":2},"end":{"line":249,"column":38}},"151":{"start":{"line":250,"column":2},"end":{"line":250,"column":38}},"152":{"start":{"line":251,"column":2},"end":{"line":251,"column":38}},"153":{"start":{"line":252,"column":2},"end":{"line":252,"column":38}},"154":{"start":{"line":253,"column":2},"end":{"line":253,"column":38}},"155":{"start":{"line":254,"column":2},"end":{"line":254,"column":38}},"156":{"start":{"line":256,"column":2},"end":{"line":256,"column":10}},"157":{"start":{"line":259,"column":0},"end":{"line":259,"column":23}}},"branchMap":{"1":{"line":113,"type":"cond-expr","locations":[{"start":{"line":113,"column":33},"end":{"line":113,"column":34}},{"start":{"line":113,"column":37},"end":{"line":113,"column":38}}]}},"code":["var inherits = require('inherits')","var Hash = require('./hash')","","var K = [","  0x428a2f98, 0xd728ae22, 0x71374491, 0x23ef65cd,","  0xb5c0fbcf, 0xec4d3b2f, 0xe9b5dba5, 0x8189dbbc,","  0x3956c25b, 0xf348b538, 0x59f111f1, 0xb605d019,","  0x923f82a4, 0xaf194f9b, 0xab1c5ed5, 0xda6d8118,","  0xd807aa98, 0xa3030242, 0x12835b01, 0x45706fbe,","  0x243185be, 0x4ee4b28c, 0x550c7dc3, 0xd5ffb4e2,","  0x72be5d74, 0xf27b896f, 0x80deb1fe, 0x3b1696b1,","  0x9bdc06a7, 0x25c71235, 0xc19bf174, 0xcf692694,","  0xe49b69c1, 0x9ef14ad2, 0xefbe4786, 0x384f25e3,","  0x0fc19dc6, 0x8b8cd5b5, 0x240ca1cc, 0x77ac9c65,","  0x2de92c6f, 0x592b0275, 0x4a7484aa, 0x6ea6e483,","  0x5cb0a9dc, 0xbd41fbd4, 0x76f988da, 0x831153b5,","  0x983e5152, 0xee66dfab, 0xa831c66d, 0x2db43210,","  0xb00327c8, 0x98fb213f, 0xbf597fc7, 0xbeef0ee4,","  0xc6e00bf3, 0x3da88fc2, 0xd5a79147, 0x930aa725,","  0x06ca6351, 0xe003826f, 0x14292967, 0x0a0e6e70,","  0x27b70a85, 0x46d22ffc, 0x2e1b2138, 0x5c26c926,","  0x4d2c6dfc, 0x5ac42aed, 0x53380d13, 0x9d95b3df,","  0x650a7354, 0x8baf63de, 0x766a0abb, 0x3c77b2a8,","  0x81c2c92e, 0x47edaee6, 0x92722c85, 0x1482353b,","  0xa2bfe8a1, 0x4cf10364, 0xa81a664b, 0xbc423001,","  0xc24b8b70, 0xd0f89791, 0xc76c51a3, 0x0654be30,","  0xd192e819, 0xd6ef5218, 0xd6990624, 0x5565a910,","  0xf40e3585, 0x5771202a, 0x106aa070, 0x32bbd1b8,","  0x19a4c116, 0xb8d2d0c8, 0x1e376c08, 0x5141ab53,","  0x2748774c, 0xdf8eeb99, 0x34b0bcb5, 0xe19b48a8,","  0x391c0cb3, 0xc5c95a63, 0x4ed8aa4a, 0xe3418acb,","  0x5b9cca4f, 0x7763e373, 0x682e6ff3, 0xd6b2b8a3,","  0x748f82ee, 0x5defb2fc, 0x78a5636f, 0x43172f60,","  0x84c87814, 0xa1f0ab72, 0x8cc70208, 0x1a6439ec,","  0x90befffa, 0x23631e28, 0xa4506ceb, 0xde82bde9,","  0xbef9a3f7, 0xb2c67915, 0xc67178f2, 0xe372532b,","  0xca273ece, 0xea26619c, 0xd186b8c7, 0x21c0c207,","  0xeada7dd6, 0xcde0eb1e, 0xf57d4f7f, 0xee6ed178,","  0x06f067aa, 0x72176fba, 0x0a637dc5, 0xa2c898a6,","  0x113f9804, 0xbef90dae, 0x1b710b35, 0x131c471b,","  0x28db77f5, 0x23047d84, 0x32caab7b, 0x40c72493,","  0x3c9ebe0a, 0x15c9bebc, 0x431d67c4, 0x9c100d4c,","  0x4cc5d4be, 0xcb3e42b6, 0x597f299c, 0xfc657e2a,","  0x5fcb6fab, 0x3ad6faec, 0x6c44198c, 0x4a475817","]","","var W = new Array(160)","","function Sha512 () {","  this.init()","  this._w = W","","  Hash.call(this, 128, 112)","}","","inherits(Sha512, Hash)","","Sha512.prototype.init = function () {","  this._ah = 0x6a09e667","  this._bh = 0xbb67ae85","  this._ch = 0x3c6ef372","  this._dh = 0xa54ff53a","  this._eh = 0x510e527f","  this._fh = 0x9b05688c","  this._gh = 0x1f83d9ab","  this._hh = 0x5be0cd19","","  this._al = 0xf3bcc908","  this._bl = 0x84caa73b","  this._cl = 0xfe94f82b","  this._dl = 0x5f1d36f1","  this._el = 0xade682d1","  this._fl = 0x2b3e6c1f","  this._gl = 0xfb41bd6b","  this._hl = 0x137e2179","","  return this","}","","function Ch (x, y, z) {","  return z ^ (x & (y ^ z))","}","","function maj (x, y, z) {","  return (x & y) | (z & (x | y))","}","","function sigma0 (x, xl) {","  return (x >>> 28 | xl << 4) ^ (xl >>> 2 | x << 30) ^ (xl >>> 7 | x << 25)","}","","function sigma1 (x, xl) {","  return (x >>> 14 | xl << 18) ^ (x >>> 18 | xl << 14) ^ (xl >>> 9 | x << 23)","}","","function Gamma0 (x, xl) {","  return (x >>> 1 | xl << 31) ^ (x >>> 8 | xl << 24) ^ (x >>> 7)","}","","function Gamma0l (x, xl) {","  return (x >>> 1 | xl << 31) ^ (x >>> 8 | xl << 24) ^ (x >>> 7 | xl << 25)","}","","function Gamma1 (x, xl) {","  return (x >>> 19 | xl << 13) ^ (xl >>> 29 | x << 3) ^ (x >>> 6)","}","","function Gamma1l (x, xl) {","  return (x >>> 19 | xl << 13) ^ (xl >>> 29 | x << 3) ^ (x >>> 6 | xl << 26)","}","","function getCarry (a, b) {","  return (a >>> 0) < (b >>> 0) ? 1 : 0","}","","Sha512.prototype._update = function (M) {","  var W = this._w","","  var ah = this._ah | 0","  var bh = this._bh | 0","  var ch = this._ch | 0","  var dh = this._dh | 0","  var eh = this._eh | 0","  var fh = this._fh | 0","  var gh = this._gh | 0","  var hh = this._hh | 0","","  var al = this._al | 0","  var bl = this._bl | 0","  var cl = this._cl | 0","  var dl = this._dl | 0","  var el = this._el | 0","  var fl = this._fl | 0","  var gl = this._gl | 0","  var hl = this._hl | 0","","  for (var i = 0; i < 32; i += 2) {","    W[i] = M.readInt32BE(i * 4)","    W[i + 1] = M.readInt32BE(i * 4 + 4)","  }","  for (; i < 160; i += 2) {","    var xh = W[i - 15 * 2]","    var xl = W[i - 15 * 2 + 1]","    var gamma0 = Gamma0(xh, xl)","    var gamma0l = Gamma0l(xl, xh)","","    xh = W[i - 2 * 2]","    xl = W[i - 2 * 2 + 1]","    var gamma1 = Gamma1(xh, xl)","    var gamma1l = Gamma1l(xl, xh)","","    // W[i] = gamma0 + W[i - 7] + gamma1 + W[i - 16]","    var Wi7h = W[i - 7 * 2]","    var Wi7l = W[i - 7 * 2 + 1]","","    var Wi16h = W[i - 16 * 2]","    var Wi16l = W[i - 16 * 2 + 1]","","    var Wil = (gamma0l + Wi7l) | 0","    var Wih = (gamma0 + Wi7h + getCarry(Wil, gamma0l)) | 0","    Wil = (Wil + gamma1l) | 0","    Wih = (Wih + gamma1 + getCarry(Wil, gamma1l)) | 0","    Wil = (Wil + Wi16l) | 0","    Wih = (Wih + Wi16h + getCarry(Wil, Wi16l)) | 0","","    W[i] = Wih","    W[i + 1] = Wil","  }","","  for (var j = 0; j < 160; j += 2) {","    Wih = W[j]","    Wil = W[j + 1]","","    var majh = maj(ah, bh, ch)","    var majl = maj(al, bl, cl)","","    var sigma0h = sigma0(ah, al)","    var sigma0l = sigma0(al, ah)","    var sigma1h = sigma1(eh, el)","    var sigma1l = sigma1(el, eh)","","    // t1 = h + sigma1 + ch + K[j] + W[j]","    var Kih = K[j]","    var Kil = K[j + 1]","","    var chh = Ch(eh, fh, gh)","    var chl = Ch(el, fl, gl)","","    var t1l = (hl + sigma1l) | 0","    var t1h = (hh + sigma1h + getCarry(t1l, hl)) | 0","    t1l = (t1l + chl) | 0","    t1h = (t1h + chh + getCarry(t1l, chl)) | 0","    t1l = (t1l + Kil) | 0","    t1h = (t1h + Kih + getCarry(t1l, Kil)) | 0","    t1l = (t1l + Wil) | 0","    t1h = (t1h + Wih + getCarry(t1l, Wil)) | 0","","    // t2 = sigma0 + maj","    var t2l = (sigma0l + majl) | 0","    var t2h = (sigma0h + majh + getCarry(t2l, sigma0l)) | 0","","    hh = gh","    hl = gl","    gh = fh","    gl = fl","    fh = eh","    fl = el","    el = (dl + t1l) | 0","    eh = (dh + t1h + getCarry(el, dl)) | 0","    dh = ch","    dl = cl","    ch = bh","    cl = bl","    bh = ah","    bl = al","    al = (t1l + t2l) | 0","    ah = (t1h + t2h + getCarry(al, t1l)) | 0","  }","","  this._al = (this._al + al) | 0","  this._bl = (this._bl + bl) | 0","  this._cl = (this._cl + cl) | 0","  this._dl = (this._dl + dl) | 0","  this._el = (this._el + el) | 0","  this._fl = (this._fl + fl) | 0","  this._gl = (this._gl + gl) | 0","  this._hl = (this._hl + hl) | 0","","  this._ah = (this._ah + ah + getCarry(this._al, al)) | 0","  this._bh = (this._bh + bh + getCarry(this._bl, bl)) | 0","  this._ch = (this._ch + ch + getCarry(this._cl, cl)) | 0","  this._dh = (this._dh + dh + getCarry(this._dl, dl)) | 0","  this._eh = (this._eh + eh + getCarry(this._el, el)) | 0","  this._fh = (this._fh + fh + getCarry(this._fl, fl)) | 0","  this._gh = (this._gh + gh + getCarry(this._gl, gl)) | 0","  this._hh = (this._hh + hh + getCarry(this._hl, hl)) | 0","}","","Sha512.prototype._hash = function () {","  var H = new Buffer(64)","","  function writeInt64BE (h, l, offset) {","    H.writeInt32BE(h, offset)","    H.writeInt32BE(l, offset + 4)","  }","","  writeInt64BE(this._ah, this._al, 0)","  writeInt64BE(this._bh, this._bl, 8)","  writeInt64BE(this._ch, this._cl, 16)","  writeInt64BE(this._dh, this._dl, 24)","  writeInt64BE(this._eh, this._el, 32)","  writeInt64BE(this._fh, this._fl, 40)","  writeInt64BE(this._gh, this._gl, 48)","  writeInt64BE(this._hh, this._hl, 56)","","  return H","}","","module.exports = Sha512",""],"l":{"1":1,"2":1,"4":1,"47":1,"49":1,"50":0,"51":0,"53":0,"56":1,"58":1,"59":0,"60":0,"61":0,"62":0,"63":0,"64":0,"65":0,"66":0,"68":0,"69":0,"70":0,"71":0,"72":0,"73":0,"74":0,"75":0,"77":0,"80":1,"81":0,"84":1,"85":0,"88":1,"89":0,"92":1,"93":0,"96":1,"97":0,"100":1,"101":0,"104":1,"105":0,"108":1,"109":0,"112":1,"113":0,"116":1,"117":0,"119":0,"120":0,"121":0,"122":0,"123":0,"124":0,"125":0,"126":0,"128":0,"129":0,"130":0,"131":0,"132":0,"133":0,"134":0,"135":0,"137":0,"138":0,"139":0,"141":0,"142":0,"143":0,"144":0,"145":0,"147":0,"148":0,"149":0,"150":0,"153":0,"154":0,"156":0,"157":0,"159":0,"160":0,"161":0,"162":0,"163":0,"164":0,"166":0,"167":0,"170":0,"171":0,"172":0,"174":0,"175":0,"177":0,"178":0,"179":0,"180":0,"183":0,"184":0,"186":0,"187":0,"189":0,"190":0,"191":0,"192":0,"193":0,"194":0,"195":0,"196":0,"199":0,"200":0,"202":0,"203":0,"204":0,"205":0,"206":0,"207":0,"208":0,"209":0,"210":0,"211":0,"212":0,"213":0,"214":0,"215":0,"216":0,"217":0,"220":0,"221":0,"222":0,"223":0,"224":0,"225":0,"226":0,"227":0,"229":0,"230":0,"231":0,"232":0,"233":0,"234":0,"235":0,"236":0,"239":1,"240":0,"242":1,"243":0,"244":0,"247":0,"248":0,"249":0,"250":0,"251":0,"252":0,"253":0,"254":0,"256":0,"259":1}},"/home/travis/build/npmtest/node-npmtest-sha.js/node_modules/sha.js/bin.js":{"path":"/home/travis/build/npmtest/node-npmtest-sha.js/node_modules/sha.js/bin.js","s":{"1":2,"2":0,"3":1,"4":0,"5":0,"6":0,"7":0,"8":0,"9":0,"10":0,"11":0,"12":1,"13":0,"14":0,"15":0,"16":0,"17":0,"18":0,"19":0,"20":0,"21":0,"22":0,"23":0,"24":0},"b":{"1":[0,0],"2":[0,0],"3":[0,0],"4":[0,0],"5":[0,0]},"f":{"1":0,"2":0,"3":0,"4":0},"fnMap":{"1":{"name":"pipe","line":6,"loc":{"start":{"line":6,"column":0},"end":{"line":6,"column":29}}},"2":{"name":"(anonymous_2)","line":10,"loc":{"start":{"line":10,"column":15},"end":{"line":10,"column":31}}},"3":{"name":"(anonymous_3)","line":14,"loc":{"start":{"line":14,"column":14},"end":{"line":14,"column":26}}},"4":{"name":"usage","line":23,"loc":{"start":{"line":23,"column":0},"end":{"line":23,"column":18}}}},"statementMap":{"1":{"start":{"line":3,"column":0},"end":{"line":3,"column":40}},"2":{"start":{"line":4,"column":0},"end":{"line":4,"column":32}},"3":{"start":{"line":6,"column":0},"end":{"line":21,"column":1}},"4":{"start":{"line":7,"column":2},"end":{"line":7,"column":24}},"5":{"start":{"line":8,"column":2},"end":{"line":8,"column":44}},"6":{"start":{"line":10,"column":2},"end":{"line":12,"column":4}},"7":{"start":{"line":11,"column":4},"end":{"line":11,"column":21}},"8":{"start":{"line":14,"column":2},"end":{"line":20,"column":4}},"9":{"start":{"line":15,"column":4},"end":{"line":17,"column":5}},"10":{"start":{"line":16,"column":6},"end":{"line":16,"column":64}},"11":{"start":{"line":19,"column":4},"end":{"line":19,"column":35}},"12":{"start":{"line":23,"column":0},"end":{"line":27,"column":1}},"13":{"start":{"line":24,"column":2},"end":{"line":24,"column":84}},"14":{"start":{"line":25,"column":2},"end":{"line":25,"column":81}},"15":{"start":{"line":26,"column":2},"end":{"line":26,"column":76}},"16":{"start":{"line":29,"column":0},"end":{"line":43,"column":1}},"17":{"start":{"line":30,"column":2},"end":{"line":30,"column":30}},"18":{"start":{"line":32,"column":7},"end":{"line":43,"column":1}},"19":{"start":{"line":33,"column":2},"end":{"line":40,"column":3}},"20":{"start":{"line":34,"column":4},"end":{"line":34,"column":11}},"21":{"start":{"line":37,"column":4},"end":{"line":37,"column":29}},"22":{"start":{"line":38,"column":4},"end":{"line":38,"column":30}},"23":{"start":{"line":39,"column":4},"end":{"line":39,"column":61}},"24":{"start":{"line":42,"column":2},"end":{"line":42,"column":9}}},"branchMap":{"1":{"line":8,"type":"binary-expr","locations":[{"start":{"line":8,"column":24},"end":{"line":8,"column":33}},{"start":{"line":8,"column":37},"end":{"line":8,"column":43}}]},"2":{"line":15,"type":"if","locations":[{"start":{"line":15,"column":4},"end":{"line":15,"column":4}},{"start":{"line":15,"column":4},"end":{"line":15,"column":4}}]},"3":{"line":29,"type":"if","locations":[{"start":{"line":29,"column":0},"end":{"line":29,"column":0}},{"start":{"line":29,"column":0},"end":{"line":29,"column":0}}]},"4":{"line":32,"type":"if","locations":[{"start":{"line":32,"column":7},"end":{"line":32,"column":7}},{"start":{"line":32,"column":7},"end":{"line":32,"column":7}}]},"5":{"line":33,"type":"if","locations":[{"start":{"line":33,"column":2},"end":{"line":33,"column":2}},{"start":{"line":33,"column":2},"end":{"line":33,"column":2}}]}},"code":["//#! /usr/bin/env node","","var createHash = require('./browserify')","var argv = process.argv.slice(2)","","function pipe (algorithm, s) {","  var start = Date.now()","  var hash = createHash(algorithm || 'sha1')","","  s.on('data', function (data) {","    hash.update(data)","  })","","  s.on('end', function () {","    if (process.env.DEBUG) {","      return console.log(hash.digest('hex'), Date.now() - start)","    }","","    console.log(hash.digest('hex'))","  })","}","","function usage () {","  console.error('sha.js [algorithm=sha1] [filename] # hash filename with algorithm')","  console.error('input | sha.js [algorithm=sha1]    # hash stdin with algorithm')","  console.error('sha.js --help                      # display this message')","}","","if (!process.stdin.isTTY) {","  pipe(argv[0], process.stdin)","","} else if (argv.length) {","  if (/--help|-h/.test(argv[0])) {","    usage()","","  } else {","    var filename = argv.pop()","    var algorithm = argv.pop()","    pipe(algorithm, require('fs').createReadStream(filename))","  }","} else {","  usage()","}",""],"l":{"3":2,"4":0,"6":1,"7":0,"8":0,"10":0,"11":0,"14":0,"15":0,"16":0,"19":0,"23":1,"24":0,"25":0,"26":0,"29":0,"30":0,"32":0,"33":0,"34":0,"37":0,"38":0,"39":0,"42":0}},"/home/travis/build/npmtest/node-npmtest-sha.js/node_modules/sha.js/hexpp.js":{"path":"/home/travis/build/npmtest/node-npmtest-sha.js/node_modules/sha.js/hexpp.js","s":{"1":1,"2":0,"3":0,"4":0,"5":0,"6":0,"7":0,"8":0,"9":1,"10":0,"11":0,"12":0,"13":0,"14":1,"15":0,"16":0},"b":{"1":[0,0],"2":[0,0],"3":[0,0],"4":[0,0],"5":[0,0],"6":[0,0],"7":[0,0],"8":[0,0]},"f":{"1":0,"2":0,"3":0,"4":0},"fnMap":{"1":{"name":"toHex","line":1,"loc":{"start":{"line":1,"column":0},"end":{"line":1,"column":38}}},"2":{"name":"hexpp","line":15,"loc":{"start":{"line":15,"column":29},"end":{"line":15,"column":59}}},"3":{"name":"(anonymous_3)","line":22,"loc":{"start":{"line":22,"column":17},"end":{"line":22,"column":33}}},"4":{"name":"(anonymous_4)","line":23,"loc":{"start":{"line":23,"column":9},"end":{"line":23,"column":22}}}},"statementMap":{"1":{"start":{"line":1,"column":0},"end":{"line":13,"column":1}},"2":{"start":{"line":2,"column":2},"end":{"line":2,"column":25}},"3":{"start":{"line":3,"column":2},"end":{"line":3,"column":12}},"4":{"start":{"line":4,"column":2},"end":{"line":4,"column":38}},"5":{"start":{"line":5,"column":2},"end":{"line":11,"column":3}},"6":{"start":{"line":6,"column":4},"end":{"line":6,"column":64}},"7":{"start":{"line":7,"column":4},"end":{"line":10,"column":44}},"8":{"start":{"line":12,"column":2},"end":{"line":12,"column":10}},"9":{"start":{"line":15,"column":0},"end":{"line":20,"column":1}},"10":{"start":{"line":16,"column":2},"end":{"line":16,"column":19}},"11":{"start":{"line":17,"column":2},"end":{"line":17,"column":32}},"12":{"start":{"line":18,"column":2},"end":{"line":18,"column":29}},"13":{"start":{"line":19,"column":2},"end":{"line":19,"column":73}},"14":{"start":{"line":22,"column":0},"end":{"line":26,"column":1}},"15":{"start":{"line":23,"column":2},"end":{"line":25,"column":3}},"16":{"start":{"line":24,"column":4},"end":{"line":24,"column":25}}},"branchMap":{"1":{"line":2,"type":"binary-expr","locations":[{"start":{"line":2,"column":8},"end":{"line":2,"column":18}},{"start":{"line":2,"column":22},"end":{"line":2,"column":25}}]},"2":{"line":4,"type":"binary-expr","locations":[{"start":{"line":4,"column":10},"end":{"line":4,"column":24}},{"start":{"line":4,"column":28},"end":{"line":4,"column":38}}]},"3":{"line":6,"type":"cond-expr","locations":[{"start":{"line":6,"column":46},"end":{"line":6,"column":51}},{"start":{"line":6,"column":54},"end":{"line":6,"column":63}}]},"4":{"line":9,"type":"cond-expr","locations":[{"start":{"line":9,"column":36},"end":{"line":9,"column":39}},{"start":{"line":9,"column":42},"end":{"line":9,"column":44}}]},"5":{"line":10,"type":"cond-expr","locations":[{"start":{"line":10,"column":34},"end":{"line":10,"column":38}},{"start":{"line":10,"column":41},"end":{"line":10,"column":43}}]},"6":{"line":16,"type":"binary-expr","locations":[{"start":{"line":16,"column":9},"end":{"line":16,"column":13}},{"start":{"line":16,"column":17},"end":{"line":16,"column":19}}]},"7":{"line":17,"type":"binary-expr","locations":[{"start":{"line":17,"column":16},"end":{"line":17,"column":27}},{"start":{"line":17,"column":31},"end":{"line":17,"column":32}}]},"8":{"line":18,"type":"binary-expr","locations":[{"start":{"line":18,"column":14},"end":{"line":18,"column":23}},{"start":{"line":18,"column":27},"end":{"line":18,"column":29}}]}},"code":["function toHex (buf, group, wrap, LE) {","  buf = buf.buffer || buf","  var s = ''","  var l = buf.byteLength || buf.length","  for (var i = 0; i < l ; i++) {","    var byteParam = (i & 0xfffffffc) | (!LE ? i % 4 : 3 - i % 4)","    s += ((buf[byteParam] >> 4).toString(16)) +","         ((buf[byteParam] & 0xf).toString(16)) +","         (group - 1 === i % group ? ' ' : '') +","         (wrap - 1 === i % wrap ? '\\n' : '')","  }","  return s","}","","var hexpp = module.exports = function hexpp (buffer, opts) {","  opts = opts || {}","  opts.groups = opts.groups || 4","  opts.wrap = opts.wrap || 16","  return toHex(buffer, opts.groups, opts.wrap, opts.bigendian, opts.ints)","}","","hexpp.defaults = function (opts) {","  return function (b) {","    return hexpp(b, opts)","  }","}",""],"l":{"1":1,"2":0,"3":0,"4":0,"5":0,"6":0,"7":0,"12":0,"15":1,"16":0,"17":0,"18":0,"19":0,"22":1,"23":0,"24":0}}}